[2025-10-07T15:20:55.378] [ERROR] error - {
  msg: '缺少city字段',
  code: 400,
  validate: null,
  headers: { 'Access-Control-Allow-Origin': '*', vary: 'Origin' }
}
[2025-10-07T15:21:07.433] [ERROR] error - {
  msg: '缺少city字段',
  code: 400,
  validate: null,
  headers: { 'Access-Control-Allow-Origin': '*', vary: 'Origin' }
}
[2025-10-07T15:21:22.746] [ERROR] error - {
  msg: '缺少city字段',
  code: 400,
  validate: null,
  headers: { 'Access-Control-Allow-Origin': '*', vary: 'Origin' }
}
[2025-10-07T15:21:36.456] [ERROR] error - {
  msg: '缺少city字段',
  code: 400,
  validate: null,
  headers: { 'Access-Control-Allow-Origin': '*', vary: 'Origin' }
}
[2025-10-07T15:21:39.801] [ERROR] error - {
  msg: '缺少city字段',
  code: 400,
  validate: null,
  headers: { 'Access-Control-Allow-Origin': '*', vary: 'Origin' }
}
[2025-10-07T15:21:44.577] [ERROR] error - {
  msg: '缺少city字段',
  code: 400,
  validate: null,
  headers: { 'Access-Control-Allow-Origin': '*', vary: 'Origin' }
}
[2025-10-07T15:21:47.061] [ERROR] error - {
  msg: '缺少city字段',
  code: 400,
  validate: null,
  headers: { 'Access-Control-Allow-Origin': '*', vary: 'Origin' }
}
[2025-10-07T15:21:48.354] [ERROR] error - {
  msg: '缺少city字段',
  code: 400,
  validate: null,
  headers: { 'Access-Control-Allow-Origin': '*', vary: 'Origin' }
}
[2025-10-07T15:25:05.018] [ERROR] error - {
  msg: '缺少city字段',
  code: 400,
  validate: null,
  headers: { 'Access-Control-Allow-Origin': '*', vary: 'Origin' }
}
[2025-10-07T15:29:25.953] [ERROR] error - {
  msg: '缺少departure字段',
  code: 400,
  validate: null,
  headers: { 'Access-Control-Allow-Origin': '*', vary: 'Origin' }
}
[2025-10-07T15:29:53.779] [ERROR] error - {
  msg: '缺少departure字段',
  code: 400,
  validate: null,
  headers: { 'Access-Control-Allow-Origin': '*', vary: 'Origin' }
}
[2025-10-07T15:32:56.638] [ERROR] error - {
  msg: '缺少departure字段',
  code: 400,
  validate: null,
  headers: { 'Access-Control-Allow-Origin': '*', vary: 'Origin' }
}
[2025-10-07T15:35:50.808] [ERROR] error - {
  msg: '缺少departure字段',
  code: 400,
  validate: null,
  headers: { 'Access-Control-Allow-Origin': '*', vary: 'Origin' }
}
[2025-10-07T16:04:11.186] [ERROR] error - {
  msg: '缺少userMessages字段',
  code: 400,
  validate: null,
  headers: { 'Access-Control-Allow-Origin': '*', vary: 'Origin' }
}
[2025-10-07T16:04:11.285] [ERROR] error - {
  msg: '缺少userMessages字段',
  code: 400,
  validate: null,
  headers: { 'Access-Control-Allow-Origin': '*', vary: 'Origin' }
}
[2025-10-07T16:06:57.855] [ERROR] error - CastError: Cast to ObjectId failed for value "111" (type string) at path "_id" for model "goods"
    at SchemaObjectId.cast (D:\Code\Frontend\AIGC-NODE\node_modules\mongoose\lib\schema\objectId.js:251:11)
    at SchemaType.applySetters (D:\Code\Frontend\AIGC-NODE\node_modules\mongoose\lib\schemaType.js:1258:12)
    at SchemaType.castForQuery (D:\Code\Frontend\AIGC-NODE\node_modules\mongoose\lib\schemaType.js:1694:17)
    at cast (D:\Code\Frontend\AIGC-NODE\node_modules\mongoose\lib\cast.js:390:32)
    at Query.cast (D:\Code\Frontend\AIGC-NODE\node_modules\mongoose\lib\query.js:5060:12)
    at Query._castConditions (D:\Code\Frontend\AIGC-NODE\node_modules\mongoose\lib\query.js:2374:10)
    at model.Query._findOne (D:\Code\Frontend\AIGC-NODE\node_modules\mongoose\lib\query.js:2697:8)
    at model.Query.exec (D:\Code\Frontend\AIGC-NODE\node_modules\mongoose\lib\query.js:4627:80)
    at process.processTicksAndRejections (node:internal/process/task_queues:105:5)
    at async goodsDetail (file:///D:/Code/Frontend/AIGC-NODE/controller/goodsController.js:19:17) {
  stringValue: '"111"',
  messageFormat: undefined,
  kind: 'ObjectId',
  value: '111',
  path: '_id',
  reason: BSONError: input must be a 24 character hex string, 12 byte Uint8Array, or an integer
      at new ObjectId (D:\Code\Frontend\AIGC-NODE\node_modules\bson\lib\bson.cjs:2538:23)
      at castObjectId (D:\Code\Frontend\AIGC-NODE\node_modules\mongoose\lib\cast\objectid.js:25:12)
      at SchemaObjectId.cast (D:\Code\Frontend\AIGC-NODE\node_modules\mongoose\lib\schema\objectId.js:249:12)
      at SchemaType.applySetters (D:\Code\Frontend\AIGC-NODE\node_modules\mongoose\lib\schemaType.js:1258:12)
      at SchemaType.castForQuery (D:\Code\Frontend\AIGC-NODE\node_modules\mongoose\lib\schemaType.js:1694:17)
      at cast (D:\Code\Frontend\AIGC-NODE\node_modules\mongoose\lib\cast.js:390:32)
      at Query.cast (D:\Code\Frontend\AIGC-NODE\node_modules\mongoose\lib\query.js:5060:12)
      at Query._castConditions (D:\Code\Frontend\AIGC-NODE\node_modules\mongoose\lib\query.js:2374:10)
      at model.Query._findOne (D:\Code\Frontend\AIGC-NODE\node_modules\mongoose\lib\query.js:2697:8)
      at model.Query.exec (D:\Code\Frontend\AIGC-NODE\node_modules\mongoose\lib\query.js:4627:80),
  valueType: 'string',
  headers: { 'Access-Control-Allow-Origin': '*', vary: 'Origin' }
}
