[2025-05-19T22:11:18.380] [INFO] info - 输出日志：GET /api
[2025-05-20T10:50:11.675] [INFO] info - 输出日志：POST /postU
[2025-05-20T10:52:23.367] [INFO] info - 输出日志：GET /postU
[2025-05-20T10:52:40.274] [INFO] info - 输出日志：GET /postU
[2025-05-20T10:52:45.584] [INFO] info - 输出日志：POST /postU
[2025-05-20T10:52:58.530] [INFO] info - 输出日志：POST /postU
[2025-05-20T10:53:20.016] [INFO] info - 输出日志：POST /postU
[2025-05-20T10:53:59.011] [INFO] info - 输出日志：POST /postU
[2025-05-20T10:55:31.412] [INFO] info - 输出日志：POST /postU
[2025-05-20T10:55:38.784] [INFO] info - 输出日志：POST /postU
[2025-05-20T10:56:00.004] [INFO] info - 输出日志：POST /postU
[2025-05-20T10:58:14.265] [INFO] info - 输出日志：POST /postU
[2025-05-20T11:05:38.077] [INFO] info - 输出日志：POST /postU
[2025-05-20T11:09:02.490] [INFO] info - 输出日志：POST /postU
[2025-05-20T11:26:39.219] [INFO] info - 输出日志：POST /postU
[2025-05-20T11:27:18.541] [INFO] info - 输出日志：POST /postU
[2025-05-20T11:27:40.980] [INFO] info - 输出日志：POST /postU
[2025-05-20T11:28:00.601] [INFO] info - 输出日志：POST /postU
[2025-05-20T11:29:11.696] [INFO] info - 输出日志：POST /postU
[2025-05-20T11:32:18.918] [INFO] info - 输出日志：POST /postU
[2025-05-20T11:32:23.440] [INFO] info - 输出日志：POST /postU
[2025-05-20T11:32:38.458] [INFO] info - 输出日志：POST /postU
[2025-05-20T11:38:26.404] [INFO] info - 输出日志：POST /postU
[2025-05-20T14:16:04.596] [INFO] info - 输出日志：POST /chat
[2025-05-20T14:16:52.288] [INFO] info - 输出日志：POST /chat
[2025-05-20T14:17:09.785] [INFO] info - 输出日志：POST /chat
[2025-05-20T14:18:30.561] [INFO] info - 输出日志：POST /chat
[2025-05-20T15:11:39.073] [INFO] info - 输出日志：POST /chat
[2025-05-20T15:12:02.450] [INFO] info - 输出日志：POST /chat
[2025-05-20T15:13:14.216] [INFO] info - 输出日志：POST /chat
[2025-05-20T15:14:24.659] [INFO] info - 输出日志：POST /chat
[2025-05-20T15:14:40.022] [INFO] info - 输出日志：POST /chat
[2025-05-20T15:15:37.190] [INFO] info - 输出日志：POST /chat
[2025-05-20T15:16:27.800] [INFO] info - 输出日志：POST /chat
[2025-05-20T15:17:40.895] [INFO] info - 输出日志：POST /chat
[2025-05-20T15:32:23.123] [INFO] info - 输出日志：POST /chat
[2025-05-20T15:34:37.226] [INFO] info - 输出日志：POST /chat
[2025-05-20T15:38:29.653] [INFO] info - 输出日志：POST /chat
[2025-05-20T15:38:37.718] [INFO] info - 输出日志：POST /chat
[2025-05-20T15:55:47.187] [INFO] info - 输出日志：POST /chat
[2025-05-20T15:56:17.347] [INFO] info - 输出日志：POST /chat
[2025-05-20T16:06:56.378] [INFO] info - 输出日志：POST /chat
[2025-05-20T20:04:35.652] [INFO] info - 输出日志：POST /chat
[2025-05-20T20:05:11.257] [INFO] info - 输出日志：POST /chat
[2025-05-20T20:05:40.955] [INFO] info - 输出日志：POST /chat
[2025-05-20T20:32:44.271] [INFO] info - 输出日志：POST /chat
[2025-05-22T13:01:58.840] [INFO] info - 输出日志：POST /chat
[2025-05-22T13:17:18.573] [INFO] info - 输出日志：POST /chat
[2025-05-22T13:18:17.477] [INFO] info - 输出日志：POST /chat
[2025-05-22T13:19:42.707] [INFO] info - 输出日志：POST /chat
[2025-05-22T13:20:25.443] [INFO] info - 输出日志：POST /chat
[2025-05-22T13:44:07.135] [INFO] info - 输出日志：POST /chat
[2025-05-22T13:48:44.595] [INFO] info - 输出日志：POST /chat
[2025-05-22T13:49:50.242] [INFO] info - 输出日志：POST /chat
[2025-05-22T13:51:13.819] [INFO] info - 输出日志：POST /chat
[2025-05-22T13:54:19.736] [INFO] info - 输出日志：POST /chat
[2025-05-22T13:57:28.870] [INFO] info - 输出日志：POST /chat
[2025-05-22T13:58:02.724] [INFO] info - 输出日志：POST /chat
[2025-05-22T13:58:37.280] [INFO] info - 输出日志：POST /chat
[2025-05-22T13:59:15.620] [INFO] info - 输出日志：POST /chat
[2025-05-22T13:59:52.438] [INFO] info - 输出日志：POST /chat
[2025-05-22T14:05:13.185] [INFO] info - 输出日志：POST /chat
[2025-05-22T14:06:50.737] [INFO] info - 输出日志：POST /chat
[2025-05-22T14:09:25.519] [INFO] info - 输出日志：POST /chat
[2025-05-22T21:17:52.320] [INFO] info - 输出日志：POST /chatMessage
[2025-05-22T21:18:40.116] [INFO] info - 输出日志：POST /chatMessage
[2025-05-22T21:50:27.819] [INFO] info - 输出日志：POST /chatMessage
[2025-05-22T21:50:58.909] [INFO] info - 输出日志：POST /chatMessage
[2025-05-22T21:52:28.940] [INFO] info - 输出日志：POST /chatMessage
[2025-05-22T21:52:45.801] [INFO] info - 输出日志：POST /chatMessage
[2025-05-22T21:53:15.167] [INFO] info - 输出日志：POST /chatMessage
[2025-05-22T21:53:37.088] [INFO] info - 输出日志：POST /chatMessage
[2025-05-22T22:05:18.126] [INFO] info - 输出日志：POST /chatMessage
[2025-05-23T13:49:54.448] [INFO] info - 输出日志：POST /uploadFile
[2025-05-23T13:50:17.014] [INFO] info - 输出日志：POST /uploadFile
[2025-05-23T13:59:23.882] [INFO] info - 输出日志：POST /uploadFile
[2025-05-23T14:09:10.098] [INFO] info - 输出日志：POST /uploadFile
[2025-05-24T14:38:36.599] [INFO] info - 输出日志：POST /uploadFile
[2025-05-24T14:40:01.647] [INFO] info - 输出日志：POST /uploadFile
[2025-05-24T14:42:10.236] [INFO] info - 输出日志：POST /uploadFile
[2025-05-24T14:42:40.398] [INFO] info - 输出日志：POST /uploadFile
[2025-05-24T14:43:12.419] [INFO] info - 输出日志：POST /uploadFile
[2025-05-24T14:48:09.449] [INFO] info - 输出日志：POST /uploadFile
[2025-05-24T14:50:59.929] [INFO] info - 输出日志：POST /uploadFile
[2025-05-24T14:51:06.399] [INFO] info - 输出日志：POST /uploadFile
[2025-05-24T14:51:10.603] [INFO] info - 输出日志：POST /uploadFile
[2025-05-24T14:51:39.266] [INFO] info - 输出日志：GET /images/1748069470577.jpg
[2025-05-24T14:51:39.490] [INFO] info - 输出日志：GET /favicon.ico
[2025-05-24T14:55:05.098] [INFO] info - 输出日志：GET /images/1748069470577.jpg
[2025-05-24T14:56:40.378] [INFO] info - 输出日志：GET /images/1748069470577.jpg
[2025-05-24T19:49:00.967] [INFO] info - 输出日志：POST /queryTrainTicket
[2025-05-24T19:49:50.665] [INFO] info - 输出日志：POST /queryTrainTicket
[2025-05-24T19:50:16.353] [INFO] info - 输出日志：POST /queryTrainTicket
[2025-05-24T19:50:34.799] [INFO] info - 输出日志：POST /getU
[2025-05-24T19:51:15.185] [INFO] info - 输出日志：POST /queryTrainTicket
[2025-05-24T19:51:45.245] [INFO] info - 输出日志：POST /queryTrainTicket
[2025-05-24T19:52:04.264] [INFO] info - 输出日志：POST /queryTrainTicket
[2025-05-24T19:52:27.833] [INFO] info - 输出日志：POST /queryTrainTicket
[2025-05-24T21:02:31.137] [INFO] info - 输出日志：POST /chatMessage
[2025-05-24T21:04:46.558] [INFO] info - 输出日志：POST /queryTrainTicket
[2025-05-24T21:05:48.374] [INFO] info - 输出日志：POST /queryTrainTicket
[2025-05-24T21:25:00.351] [INFO] info - 输出日志：POST /queryTrainTicket
[2025-05-24T21:25:36.960] [INFO] info - 输出日志：POST /queryTrainTicket
[2025-05-24T21:33:27.540] [INFO] info - 输出日志：POST /queryTrainTicket
[2025-05-24T22:33:29.685] [INFO] info - 输出日志：POST /queryTrainTicket
[2025-05-24T22:34:27.729] [INFO] info - 输出日志：POST /queryTrainTicket
[2025-05-24T22:36:04.609] [INFO] info - 输出日志：POST /queryTrainTicket
[2025-05-24T22:37:07.783] [INFO] info - 输出日志：POST /queryTrainTicket
[2025-05-24T22:38:21.092] [INFO] info - 输出日志：POST /queryTrainTicket
[2025-05-24T22:39:21.732] [INFO] info - 输出日志：POST /queryTrainTicket
[2025-05-24T22:39:42.313] [INFO] info - 输出日志：POST /queryTrainTicket
[2025-05-24T22:40:22.482] [INFO] info - 输出日志：POST /queryTrainTicket
[2025-05-24T22:40:47.654] [INFO] info - 输出日志：POST /queryTrainTicket
[2025-05-24T22:42:09.798] [INFO] info - 输出日志：POST /queryTrainTicket
[2025-05-24T22:42:22.883] [INFO] info - 输出日志：POST /queryTrainTicket
[2025-05-24T22:42:26.728] [INFO] info - 输出日志：POST /queryTrainTicket
[2025-05-24T22:42:35.261] [INFO] info - 输出日志：POST /queryTrainTicket
[2025-05-24T22:42:53.415] [INFO] info - 输出日志：POST /queryTrainTicket
[2025-05-24T22:43:03.936] [INFO] info - 输出日志：POST /queryTrainTicket
[2025-05-24T22:46:02.538] [INFO] info - 输出日志：POST /queryTrainTicket
[2025-05-24T22:46:23.150] [INFO] info - 输出日志：POST /queryTrainTicket
[2025-05-24T22:47:28.458] [INFO] info - 输出日志：POST /queryTrainTicket
[2025-05-24T22:53:36.286] [INFO] info - 输出日志：POST /queryTrainTicket
[2025-05-24T22:56:08.819] [INFO] info - 输出日志：POST /queryTrainTicket
[2025-05-24T22:56:18.728] [INFO] info - 输出日志：POST /queryTrainTicket
[2025-05-24T23:09:41.358] [INFO] info - 输出日志：POST /queryWeather
[2025-05-24T23:14:28.813] [INFO] info - 输出日志：GET /queryWeather?city=%E5%B9%BF%E5%B7%9E
[2025-05-24T23:14:51.641] [INFO] info - 输出日志：GET /queryWeather?city=%E5%B9%BF%E5%B7%9E
[2025-05-24T23:15:26.100] [INFO] info - 输出日志：GET /queryWeather?city=%E5%B9%BF%E5%B7%9E
[2025-05-24T23:16:15.710] [INFO] info - 输出日志：GET /queryWeather?city=%E5%B9%BF%E5%B7%9E
[2025-05-24T23:16:30.610] [INFO] info - 输出日志：GET /queryWeather?city=%E5%B9%BF%E5%B7%9E
[2025-05-24T23:17:19.440] [INFO] info - 输出日志：GET /queryWeather?city=%E5%B9%BF%E5%B7%9E%E5%B9%BF
[2025-05-24T23:18:50.900] [INFO] info - 输出日志：GET /queryWeather?city=%E5%B9%BF%E5%B7%9E
[2025-05-24T23:32:23.810] [INFO] info - 输出日志：GET /queryWeather?city=%E7%89%B9%E6%9C%97%E6%99%AE
[2025-05-24T23:33:26.015] [INFO] info - 输出日志：GET /queryWeather?city=%E7%89%B9%E6%9C%97%E6%99%AE
[2025-05-25T13:48:08.737] [INFO] info - 输出日志：GET /queryWeather?city=%E5%B9%BF%E5%B7%9E%E5%B9%BF
[2025-05-25T13:50:57.145] [INFO] info - 输出日志：GET /queryWeather?city=%E5%B9%BF%E5%B7%9E%E5%B9%BF
[2025-05-25T13:52:17.367] [INFO] info - 输出日志：GET /queryWeather?city=%E5%B9%BF%E5%B7%9E%E5%B9%BF
[2025-05-25T13:57:24.831] [INFO] info - 输出日志：GET /chatMessage
[2025-05-25T13:57:35.255] [INFO] info - 输出日志：GET /chatMessage
[2025-05-25T13:57:51.258] [INFO] info - 输出日志：GET /chatMessage
[2025-05-25T13:58:10.326] [INFO] info - 输出日志：POST /chatMessage
[2025-05-25T13:58:38.891] [INFO] info - 输出日志：POST /chatMessage
[2025-05-25T16:59:17.062] [INFO] info - 输出日志：POST /chatMessage
[2025-05-25T17:00:31.387] [INFO] info - 输出日志：POST /chatMessage
[2025-05-25T17:01:08.933] [INFO] info - 输出日志：POST /chatMessage
[2025-05-25T17:03:43.445] [INFO] info - 输出日志：POST /chatMessage
[2025-05-25T23:06:24.601] [INFO] info - 输出日志：GET /
[2025-05-25T23:06:25.613] [INFO] info - 输出日志：GET /
[2025-05-25T23:06:26.622] [INFO] info - 输出日志：GET /
[2025-05-25T23:06:27.627] [INFO] info - 输出日志：GET /
[2025-05-25T23:06:28.658] [INFO] info - 输出日志：GET /
[2025-05-25T23:06:29.671] [INFO] info - 输出日志：GET /
[2025-05-25T23:06:30.697] [INFO] info - 输出日志：GET /
[2025-05-25T23:06:31.724] [INFO] info - 输出日志：GET /
[2025-05-25T23:06:32.744] [INFO] info - 输出日志：GET /
[2025-05-25T23:06:33.777] [INFO] info - 输出日志：GET /
[2025-05-25T23:06:34.863] [INFO] info - 输出日志：GET /
[2025-05-25T23:06:35.961] [INFO] info - 输出日志：GET /
[2025-05-25T23:06:37.285] [INFO] info - 输出日志：GET /
[2025-05-25T23:06:38.590] [INFO] info - 输出日志：GET /
[2025-05-25T23:06:40.188] [INFO] info - 输出日志：GET /
[2025-05-25T23:06:43.216] [INFO] info - 输出日志：GET /
[2025-05-25T23:06:48.275] [INFO] info - 输出日志：GET /
[2025-05-25T23:06:52.304] [INFO] info - 输出日志：GET /
[2025-05-25T23:06:56.029] [INFO] info - 输出日志：GET /
[2025-05-25T23:06:59.276] [INFO] info - 输出日志：GET /
[2025-05-25T23:07:01.747] [INFO] info - 输出日志：GET /
[2025-05-25T23:07:07.053] [INFO] info - 输出日志：GET /
[2025-05-25T23:07:12.225] [INFO] info - 输出日志：GET /
[2025-05-25T23:07:15.546] [INFO] info - 输出日志：GET /
[2025-05-28T14:49:23.934] [INFO] info - 输出日志：OPTIONS /chatMessage
[2025-05-28T14:53:00.216] [INFO] info - 输出日志：OPTIONS /chatMessage
[2025-05-28T14:53:05.827] [INFO] info - 输出日志：POST /chatMessage
[2025-05-28T14:56:37.854] [INFO] info - 输出日志：OPTIONS /chatMessage
[2025-05-28T14:58:06.770] [INFO] info - 输出日志：OPTIONS /chatMessage
[2025-05-28T14:58:29.102] [INFO] info - 输出日志：OPTIONS /chatMessage
[2025-05-28T14:58:33.232] [INFO] info - 输出日志：POST /chatMessage
[2025-05-28T16:30:09.680] [INFO] info - 输出日志：OPTIONS /chatMessage
[2025-05-28T16:30:15.918] [INFO] info - 输出日志：POST /chatMessage
[2025-05-28T16:31:10.914] [INFO] info - 输出日志：OPTIONS /chatMessage
[2025-05-28T16:31:15.795] [INFO] info - 输出日志：POST /chatMessage
[2025-05-28T16:31:38.114] [INFO] info - 输出日志：OPTIONS /chatMessage
[2025-05-28T16:31:42.674] [INFO] info - 输出日志：POST /chatMessage
[2025-05-28T16:32:19.484] [INFO] info - 输出日志：OPTIONS /chatMessage
[2025-05-28T16:32:22.429] [INFO] info - 输出日志：POST /chatMessage
[2025-05-28T16:34:29.881] [INFO] info - 输出日志：OPTIONS /chatMessage
[2025-05-28T16:34:34.248] [INFO] info - 输出日志：POST /chatMessage
[2025-05-28T16:34:53.257] [INFO] info - 输出日志：OPTIONS /chatMessage
[2025-05-28T16:34:58.779] [INFO] info - 输出日志：POST /chatMessage
[2025-05-28T16:35:15.204] [INFO] info - 输出日志：OPTIONS /chatMessage
[2025-05-28T16:35:17.605] [INFO] info - 输出日志：POST /chatMessage
[2025-05-28T19:35:29.889] [INFO] info - 输出日志：OPTIONS /chatMessage
[2025-05-28T19:35:33.076] [INFO] info - 输出日志：POST /chatMessage
[2025-05-28T19:39:03.937] [INFO] info - 输出日志：OPTIONS /chatMessage
[2025-05-28T19:39:06.286] [INFO] info - 输出日志：POST /chatMessage
[2025-05-28T19:39:52.377] [INFO] info - 输出日志：OPTIONS /chatMessage
[2025-05-28T19:39:59.753] [INFO] info - 输出日志：POST /chatMessage
[2025-05-28T19:42:41.094] [INFO] info - 输出日志：OPTIONS /chatMessage
[2025-05-28T19:42:45.253] [INFO] info - 输出日志：POST /chatMessage
[2025-05-28T19:47:40.530] [INFO] info - 输出日志：OPTIONS /chatMessage
[2025-05-28T19:47:45.610] [INFO] info - 输出日志：POST /chatMessage
[2025-05-28T19:49:02.699] [INFO] info - 输出日志：OPTIONS /chatMessage
[2025-05-28T19:49:05.933] [INFO] info - 输出日志：POST /chatMessage
[2025-05-28T19:49:17.042] [INFO] info - 输出日志：OPTIONS /chatMessage
[2025-05-28T19:49:21.256] [INFO] info - 输出日志：POST /chatMessage
[2025-05-28T19:49:37.044] [INFO] info - 输出日志：OPTIONS /chatMessage
[2025-05-28T19:49:40.808] [INFO] info - 输出日志：POST /chatMessage
[2025-05-28T19:49:58.569] [INFO] info - 输出日志：OPTIONS /chatMessage
[2025-05-28T19:50:01.422] [INFO] info - 输出日志：POST /chatMessage
[2025-05-28T19:50:34.532] [INFO] info - 输出日志：OPTIONS /chatMessage
[2025-05-28T19:50:39.431] [INFO] info - 输出日志：POST /chatMessage
[2025-05-28T19:50:50.057] [INFO] info - 输出日志：OPTIONS /chatMessage
[2025-05-28T19:50:53.611] [INFO] info - 输出日志：POST /chatMessage
[2025-05-28T19:51:30.551] [INFO] info - 输出日志：OPTIONS /chatMessage
[2025-05-28T19:51:40.704] [INFO] info - 输出日志：POST /chatMessage
[2025-05-28T19:51:50.578] [INFO] info - 输出日志：OPTIONS /chatMessage
[2025-05-28T19:52:04.524] [INFO] info - 输出日志：POST /chatMessage
[2025-05-28T19:52:21.513] [INFO] info - 输出日志：OPTIONS /chatMessage
[2025-05-28T19:52:23.412] [INFO] info - 输出日志：POST /chatMessage
[2025-05-28T19:59:02.430] [INFO] info - 输出日志：OPTIONS /chatMessage
[2025-05-28T19:59:04.122] [INFO] info - 输出日志：POST /chatMessage
[2025-05-28T20:06:10.136] [INFO] info - 输出日志：OPTIONS /chatMessage
[2025-05-28T20:06:13.370] [INFO] info - 输出日志：POST /chatMessage
[2025-05-28T20:18:18.036] [INFO] info - 输出日志：OPTIONS /chatMessage
[2025-05-28T20:18:19.709] [INFO] info - 输出日志：POST /chatMessage
[2025-05-28T20:25:17.717] [INFO] info - 输出日志：OPTIONS /chatMessage
[2025-05-28T20:25:20.243] [INFO] info - 输出日志：POST /chatMessage
[2025-05-28T20:25:51.665] [INFO] info - 输出日志：GET /
[2025-05-28T20:27:37.167] [INFO] info - 输出日志：GET /
[2025-05-28T20:27:38.171] [INFO] info - 输出日志：GET /
[2025-05-28T20:35:49.331] [INFO] info - 输出日志：GET /
[2025-05-28T20:35:50.339] [INFO] info - 输出日志：GET /
[2025-05-28T20:35:51.343] [INFO] info - 输出日志：GET /
[2025-05-28T20:35:52.356] [INFO] info - 输出日志：GET /
[2025-05-28T20:35:53.368] [INFO] info - 输出日志：GET /
[2025-05-28T20:35:54.395] [INFO] info - 输出日志：GET /
[2025-05-28T20:35:55.426] [INFO] info - 输出日志：GET /
[2025-05-28T20:35:56.453] [INFO] info - 输出日志：GET /
[2025-05-28T20:35:57.481] [INFO] info - 输出日志：GET /
[2025-05-28T20:35:58.508] [INFO] info - 输出日志：GET /
[2025-05-28T20:35:59.590] [INFO] info - 输出日志：GET /
[2025-05-28T20:36:00.665] [INFO] info - 输出日志：GET /
[2025-05-28T20:36:01.859] [INFO] info - 输出日志：GET /
[2025-05-28T20:36:03.459] [INFO] info - 输出日志：GET /
[2025-05-28T20:36:05.447] [INFO] info - 输出日志：GET /
[2025-05-28T20:36:08.195] [INFO] info - 输出日志：GET /
[2025-05-28T20:36:11.673] [INFO] info - 输出日志：GET /
[2025-05-28T20:36:16.385] [INFO] info - 输出日志：GET /
[2025-05-28T20:36:19.514] [INFO] info - 输出日志：GET /
[2025-05-28T20:36:24.853] [INFO] info - 输出日志：GET /
[2025-05-28T21:33:22.793] [INFO] info - 输出日志：GET /
[2025-05-28T21:35:33.259] [INFO] info - 输出日志：OPTIONS /chatMessage
[2025-05-28T21:36:10.703] [INFO] info - 输出日志：OPTIONS /chatMessage
[2025-05-28T21:38:18.637] [INFO] info - 输出日志：OPTIONS /chatMessage
[2025-05-28T21:38:41.520] [INFO] info - 输出日志：OPTIONS /chatMessage
[2025-05-28T21:40:11.790] [INFO] info - 输出日志：OPTIONS /chatMessage
[2025-05-28T21:40:20.697] [INFO] info - 输出日志：OPTIONS /chatMessage
[2025-05-28T21:40:34.180] [INFO] info - 输出日志：OPTIONS /chatMessage
[2025-05-28T21:41:36.393] [INFO] info - 输出日志：OPTIONS /chatMessage
[2025-05-28T21:41:41.568] [INFO] info - 输出日志：OPTIONS /chatMessage
[2025-05-28T21:42:27.701] [INFO] info - 输出日志：OPTIONS /chatMessage
[2025-05-28T21:43:14.285] [INFO] info - 输出日志：OPTIONS /chatMessage
[2025-05-28T21:45:00.424] [INFO] info - 输出日志：OPTIONS /chatMessage
[2025-05-28T21:45:04.114] [INFO] info - 输出日志：OPTIONS /chatMessage
[2025-05-28T21:45:13.727] [INFO] info - 输出日志：OPTIONS /chatMessage
[2025-05-28T21:45:21.769] [INFO] info - 输出日志：OPTIONS /chatMessage
[2025-05-28T21:46:16.158] [INFO] info - 输出日志：GET /
[2025-05-28T21:52:07.930] [INFO] info - 输出日志：OPTIONS /chatMessage
[2025-05-28T21:52:10.580] [INFO] info - 输出日志：POST /chatMessage
[2025-05-28T21:53:52.863] [INFO] info - 输出日志：OPTIONS /chatMessage
[2025-05-28T21:53:56.837] [INFO] info - 输出日志：POST /chatMessage
[2025-05-28T21:53:59.130] [INFO] info - 输出日志：OPTIONS /chatMessage
[2025-05-28T21:54:02.928] [INFO] info - 输出日志：POST /chatMessage
[2025-05-28T21:54:57.267] [INFO] info - 输出日志：OPTIONS /chatMessage
[2025-05-28T21:55:00.031] [INFO] info - 输出日志：POST /chatMessage
[2025-05-28T21:58:33.249] [INFO] info - 输出日志：OPTIONS /chatMessage
[2025-05-28T21:58:36.042] [INFO] info - 输出日志：POST /chatMessage
[2025-05-28T21:59:09.334] [INFO] info - 输出日志：GET /
[2025-05-28T21:59:21.598] [INFO] info - 输出日志：OPTIONS /chatMessage
[2025-05-28T21:59:23.513] [INFO] info - 输出日志：POST /chatMessage
[2025-05-28T22:01:05.951] [INFO] info - 输出日志：OPTIONS /chatMessage
[2025-05-28T22:01:18.141] [INFO] info - 输出日志：POST /chatMessage
[2025-05-28T22:01:39.567] [INFO] info - 输出日志：OPTIONS /chatMessage
[2025-05-28T22:01:43.238] [INFO] info - 输出日志：POST /chatMessage
[2025-05-28T22:02:26.217] [INFO] info - 输出日志：OPTIONS /chatMessage
[2025-05-28T22:02:29.134] [INFO] info - 输出日志：POST /chatMessage
[2025-05-28T22:05:11.286] [INFO] info - 输出日志：OPTIONS /chatMessage
[2025-05-28T22:05:13.770] [INFO] info - 输出日志：POST /chatMessage
[2025-05-28T22:05:57.869] [INFO] info - 输出日志：OPTIONS /chatMessage
[2025-05-28T22:06:00.982] [INFO] info - 输出日志：POST /chatMessage
[2025-05-28T22:07:44.189] [INFO] info - 输出日志：OPTIONS /chatMessage
[2025-05-28T22:07:46.625] [INFO] info - 输出日志：POST /chatMessage
[2025-05-28T22:08:50.627] [INFO] info - 输出日志：OPTIONS /chatMessage
[2025-05-28T22:08:53.006] [INFO] info - 输出日志：POST /chatMessage
[2025-05-28T22:08:57.511] [INFO] info - 输出日志：GET /
[2025-05-28T22:08:57.529] [INFO] info - 输出日志：GET /
[2025-05-28T22:09:18.595] [INFO] info - 输出日志：OPTIONS /chatMessage
[2025-05-28T22:09:24.123] [INFO] info - 输出日志：POST /chatMessage
[2025-05-28T22:10:31.226] [INFO] info - 输出日志：OPTIONS /chatMessage
[2025-05-28T22:10:40.557] [INFO] info - 输出日志：OPTIONS /chatMessage
[2025-05-28T22:11:22.791] [INFO] info - 输出日志：OPTIONS /chatMessage
[2025-05-28T22:18:27.042] [INFO] info - 输出日志：OPTIONS /chatMessage
[2025-05-28T22:18:31.318] [INFO] info - 输出日志：POST /chatMessage
[2025-05-28T22:18:59.990] [INFO] info - 输出日志：OPTIONS /chatMessage
[2025-05-28T22:19:24.843] [INFO] info - 输出日志：OPTIONS /chatMessage
[2025-05-28T22:19:28.740] [INFO] info - 输出日志：POST /chatMessage
[2025-05-28T22:24:47.428] [INFO] info - 输出日志：OPTIONS /chatMessage
[2025-05-28T22:24:48.832] [INFO] info - 输出日志：POST /chatMessage
[2025-05-28T22:25:46.901] [INFO] info - 输出日志：OPTIONS /chatMessage
[2025-05-28T22:25:49.657] [INFO] info - 输出日志：POST /chatMessage
[2025-05-28T22:26:10.371] [INFO] info - 输出日志：OPTIONS /chatMessage
[2025-05-28T22:26:13.617] [INFO] info - 输出日志：POST /chatMessage
[2025-05-28T22:26:34.533] [INFO] info - 输出日志：OPTIONS /chatMessage
[2025-05-28T22:26:39.262] [INFO] info - 输出日志：POST /chatMessage
[2025-05-28T22:27:48.694] [INFO] info - 输出日志：OPTIONS /chatMessage
[2025-05-28T22:28:31.361] [INFO] info - 输出日志：OPTIONS /chatMessage
[2025-05-28T22:28:52.649] [INFO] info - 输出日志：POST /chatMessage
[2025-05-28T22:30:32.895] [INFO] info - 输出日志：OPTIONS /chatMessage
[2025-05-28T22:30:44.766] [INFO] info - 输出日志：POST /chatMessage
[2025-05-28T22:32:39.575] [INFO] info - 输出日志：OPTIONS /chatMessage
[2025-05-28T22:32:45.366] [INFO] info - 输出日志：POST /chatMessage
[2025-05-28T22:32:46.935] [INFO] info - 输出日志：OPTIONS /chatMessage
[2025-05-28T22:32:55.142] [INFO] info - 输出日志：POST /chatMessage
[2025-05-28T22:33:02.261] [INFO] info - 输出日志：OPTIONS /chatMessage
[2025-05-28T22:33:12.376] [INFO] info - 输出日志：POST /chatMessage
[2025-05-28T22:35:21.412] [INFO] info - 输出日志：OPTIONS /chatMessage
[2025-05-28T22:35:27.625] [INFO] info - 输出日志：POST /chatMessage
[2025-05-28T22:37:05.697] [INFO] info - 输出日志：OPTIONS /chatMessage
[2025-05-28T22:37:12.175] [INFO] info - 输出日志：POST /chatMessage
[2025-05-28T22:46:16.673] [INFO] info - 输出日志：OPTIONS /chatMessage
[2025-05-28T22:46:19.885] [INFO] info - 输出日志：POST /chatMessage
[2025-05-28T22:46:43.920] [INFO] info - 输出日志：OPTIONS /chatMessage
[2025-05-28T22:46:55.371] [INFO] info - 输出日志：POST /chatMessage
[2025-05-28T22:51:50.488] [INFO] info - 输出日志：GET /
[2025-05-28T22:52:07.686] [INFO] info - 输出日志：OPTIONS /chatMessage
[2025-05-28T22:52:10.655] [INFO] info - 输出日志：POST /chatMessage
[2025-05-28T22:52:25.538] [INFO] info - 输出日志：OPTIONS /chatMessage
[2025-05-28T22:52:28.039] [INFO] info - 输出日志：POST /chatMessage
[2025-05-28T22:52:54.006] [INFO] info - 输出日志：OPTIONS /chatMessage
[2025-05-28T22:52:55.821] [INFO] info - 输出日志：POST /chatMessage
[2025-05-28T23:02:39.816] [INFO] info - 输出日志：OPTIONS /chatMessage
[2025-05-28T23:02:42.552] [INFO] info - 输出日志：POST /chatMessage
[2025-05-28T23:04:24.218] [INFO] info - 输出日志：OPTIONS /chatMessage
[2025-05-28T23:04:27.041] [INFO] info - 输出日志：POST /chatMessage
[2025-05-28T23:05:18.753] [INFO] info - 输出日志：OPTIONS /chatMessage
[2025-05-28T23:05:20.624] [INFO] info - 输出日志：POST /chatMessage
[2025-05-28T23:07:46.833] [INFO] info - 输出日志：OPTIONS /chatMessage
[2025-05-28T23:07:52.315] [INFO] info - 输出日志：POST /chatMessage
[2025-05-28T23:08:09.871] [INFO] info - 输出日志：OPTIONS /chatMessage
[2025-05-28T23:08:16.067] [INFO] info - 输出日志：POST /chatMessage
[2025-05-28T23:08:54.669] [INFO] info - 输出日志：OPTIONS /chatMessage
[2025-05-28T23:08:58.810] [INFO] info - 输出日志：POST /chatMessage
[2025-05-28T23:09:09.860] [INFO] info - 输出日志：OPTIONS /chatMessage
[2025-05-28T23:09:27.609] [INFO] info - 输出日志：POST /chatMessage
[2025-05-28T23:10:12.724] [INFO] info - 输出日志：OPTIONS /chatMessage
[2025-05-28T23:10:33.566] [INFO] info - 输出日志：POST /chatMessage
[2025-05-28T23:13:55.162] [INFO] info - 输出日志：OPTIONS /chatMessage
[2025-05-28T23:13:59.733] [INFO] info - 输出日志：POST /chatMessage
[2025-05-28T23:15:19.710] [INFO] info - 输出日志：OPTIONS /chatMessage
[2025-05-28T23:15:21.720] [INFO] info - 输出日志：POST /chatMessage
[2025-05-28T23:15:49.678] [INFO] info - 输出日志：OPTIONS /chatMessage
[2025-05-28T23:15:52.279] [INFO] info - 输出日志：POST /chatMessage
[2025-05-28T23:17:57.452] [INFO] info - 输出日志：OPTIONS /chatMessage
[2025-05-28T23:17:59.187] [INFO] info - 输出日志：POST /chatMessage
[2025-05-28T23:18:07.928] [INFO] info - 输出日志：GET /
[2025-05-28T23:18:07.953] [INFO] info - 输出日志：GET /
[2025-05-28T23:18:08.941] [INFO] info - 输出日志：GET /
[2025-05-28T23:18:09.951] [INFO] info - 输出日志：GET /
[2025-05-28T23:18:10.967] [INFO] info - 输出日志：GET /
[2025-05-28T23:18:11.980] [INFO] info - 输出日志：GET /
[2025-05-28T23:18:12.994] [INFO] info - 输出日志：GET /
[2025-05-28T23:18:14.006] [INFO] info - 输出日志：GET /
[2025-05-28T23:18:20.763] [INFO] info - 输出日志：OPTIONS /chatMessage
[2025-05-28T23:18:23.333] [INFO] info - 输出日志：POST /chatMessage
[2025-05-28T23:19:36.522] [INFO] info - 输出日志：OPTIONS /chatMessage
[2025-05-28T23:19:39.055] [INFO] info - 输出日志：POST /chatMessage
[2025-05-28T23:20:21.181] [INFO] info - 输出日志：OPTIONS /chatMessage
[2025-05-28T23:20:26.421] [INFO] info - 输出日志：POST /chatMessage
[2025-05-28T23:21:29.289] [INFO] info - 输出日志：OPTIONS /chatMessage
[2025-05-28T23:21:31.259] [INFO] info - 输出日志：POST /chatMessage
[2025-05-28T23:22:54.633] [INFO] info - 输出日志：OPTIONS /chatMessage
[2025-05-28T23:22:57.639] [INFO] info - 输出日志：POST /chatMessage
[2025-05-28T23:24:25.284] [INFO] info - 输出日志：OPTIONS /chatMessage
[2025-05-28T23:24:27.451] [INFO] info - 输出日志：POST /chatMessage
[2025-05-28T23:24:32.281] [INFO] info - 输出日志：OPTIONS /chatMessage
[2025-05-28T23:24:33.898] [INFO] info - 输出日志：POST /chatMessage
[2025-05-28T23:25:07.696] [INFO] info - 输出日志：OPTIONS /chatMessage
[2025-05-28T23:25:09.840] [INFO] info - 输出日志：POST /chatMessage
[2025-05-28T23:25:30.599] [INFO] info - 输出日志：OPTIONS /chatMessage
[2025-05-28T23:25:33.109] [INFO] info - 输出日志：POST /chatMessage
[2025-05-28T23:25:39.034] [INFO] info - 输出日志：OPTIONS /chatMessage
[2025-05-28T23:25:47.280] [INFO] info - 输出日志：POST /chatMessage
[2025-05-28T23:36:42.564] [INFO] info - 输出日志：OPTIONS /chatMessage
[2025-05-28T23:36:46.075] [INFO] info - 输出日志：POST /chatMessage
[2025-05-28T23:36:50.028] [INFO] info - 输出日志：OPTIONS /chatMessage
[2025-05-28T23:36:54.239] [INFO] info - 输出日志：POST /chatMessage
[2025-05-28T23:36:58.892] [INFO] info - 输出日志：OPTIONS /chatMessage
[2025-05-28T23:37:05.967] [INFO] info - 输出日志：POST /chatMessage
[2025-05-28T23:38:02.254] [INFO] info - 输出日志：OPTIONS /chatMessage
[2025-05-28T23:38:06.552] [INFO] info - 输出日志：POST /chatMessage
[2025-05-28T23:38:18.977] [INFO] info - 输出日志：OPTIONS /chatMessage
[2025-05-28T23:38:25.982] [INFO] info - 输出日志：POST /chatMessage
[2025-05-28T23:38:29.096] [INFO] info - 输出日志：OPTIONS /chatMessage
[2025-05-28T23:38:34.450] [INFO] info - 输出日志：POST /chatMessage
[2025-05-28T23:39:06.088] [INFO] info - 输出日志：OPTIONS /chatMessage
[2025-05-28T23:39:10.519] [INFO] info - 输出日志：POST /chatMessage
[2025-05-28T23:41:36.287] [INFO] info - 输出日志：OPTIONS /chatMessage
[2025-05-28T23:41:38.393] [INFO] info - 输出日志：POST /chatMessage
[2025-05-28T23:43:57.815] [INFO] info - 输出日志：OPTIONS /chatMessage
[2025-05-28T23:44:00.238] [INFO] info - 输出日志：POST /chatMessage
[2025-05-28T23:48:58.733] [INFO] info - 输出日志：OPTIONS /chatMessage
[2025-05-28T23:49:01.567] [INFO] info - 输出日志：POST /chatMessage
[2025-05-29T19:46:37.809] [INFO] info - 输出日志：OPTIONS /chatMessage
[2025-05-29T19:46:41.843] [INFO] info - 输出日志：POST /chatMessage
[2025-05-29T19:48:03.296] [INFO] info - 输出日志：OPTIONS /chatMessage
[2025-05-29T19:48:06.232] [INFO] info - 输出日志：POST /chatMessage
[2025-05-29T19:53:21.197] [INFO] info - 输出日志：OPTIONS /chatMessage
[2025-05-29T19:53:23.366] [INFO] info - 输出日志：POST /chatMessage
[2025-05-29T19:54:39.202] [INFO] info - 输出日志：GET /
[2025-05-29T19:58:10.444] [INFO] info - 输出日志：GET /
[2025-05-29T20:01:50.686] [INFO] info - 输出日志：GET /
[2025-05-29T20:01:51.708] [INFO] info - 输出日志：GET /
[2025-05-29T20:01:52.725] [INFO] info - 输出日志：GET /
[2025-05-29T20:01:53.743] [INFO] info - 输出日志：GET /
[2025-05-29T20:03:25.921] [INFO] info - 输出日志：GET /
[2025-05-29T20:13:45.366] [INFO] info - 输出日志：OPTIONS /chatMessage
[2025-05-29T20:13:48.669] [INFO] info - 输出日志：POST /chatMessage
[2025-05-29T20:13:55.620] [INFO] info - 输出日志：OPTIONS /chatMessage
[2025-05-29T20:13:57.780] [INFO] info - 输出日志：POST /chatMessage
[2025-05-29T20:14:26.427] [INFO] info - 输出日志：OPTIONS /chatMessage
[2025-05-29T20:14:31.270] [INFO] info - 输出日志：POST /chatMessage
[2025-05-29T20:15:12.639] [INFO] info - 输出日志：OPTIONS /chatMessage
[2025-05-29T20:15:17.190] [INFO] info - 输出日志：POST /chatMessage
[2025-05-29T20:16:30.513] [INFO] info - 输出日志：OPTIONS /chatMessage
[2025-05-29T20:16:35.573] [INFO] info - 输出日志：POST /chatMessage
[2025-05-29T20:16:36.766] [INFO] info - 输出日志：OPTIONS /chatMessage
[2025-05-29T20:16:43.037] [INFO] info - 输出日志：POST /chatMessage
[2025-05-29T20:17:04.485] [INFO] info - 输出日志：OPTIONS /chatMessage
[2025-05-29T20:17:06.191] [INFO] info - 输出日志：POST /chatMessage
[2025-05-29T20:17:15.558] [INFO] info - 输出日志：OPTIONS /chatMessage
[2025-05-29T20:17:17.413] [INFO] info - 输出日志：POST /chatMessage
[2025-05-29T20:17:28.403] [INFO] info - 输出日志：OPTIONS /chatMessage
[2025-05-29T20:17:31.077] [INFO] info - 输出日志：POST /chatMessage
[2025-05-29T20:17:44.042] [INFO] info - 输出日志：OPTIONS /chatMessage
[2025-05-29T20:18:01.618] [INFO] info - 输出日志：POST /chatMessage
[2025-05-29T20:21:38.018] [INFO] info - 输出日志：OPTIONS /chatMessage
[2025-05-29T20:21:39.657] [INFO] info - 输出日志：POST /chatMessage
[2025-05-29T20:21:44.249] [INFO] info - 输出日志：OPTIONS /chatMessage
[2025-05-29T20:21:46.102] [INFO] info - 输出日志：POST /chatMessage
[2025-05-29T20:21:56.808] [INFO] info - 输出日志：OPTIONS /chatMessage
[2025-05-29T20:21:58.852] [INFO] info - 输出日志：POST /chatMessage
[2025-05-29T20:22:09.540] [INFO] info - 输出日志：OPTIONS /chatMessage
[2025-05-29T20:22:12.219] [INFO] info - 输出日志：POST /chatMessage
[2025-05-29T20:22:28.049] [INFO] info - 输出日志：GET /
[2025-05-29T20:22:28.075] [INFO] info - 输出日志：GET /
[2025-05-29T20:22:29.067] [INFO] info - 输出日志：GET /
[2025-05-29T20:22:29.619] [INFO] info - 输出日志：GET /
[2025-05-29T20:22:30.076] [INFO] info - 输出日志：GET /
[2025-05-29T20:22:30.633] [INFO] info - 输出日志：GET /
[2025-05-29T20:22:31.092] [INFO] info - 输出日志：GET /
[2025-05-29T20:22:31.656] [INFO] info - 输出日志：GET /
[2025-05-29T20:22:32.111] [INFO] info - 输出日志：GET /
[2025-05-29T20:22:32.670] [INFO] info - 输出日志：GET /
[2025-05-29T20:22:33.129] [INFO] info - 输出日志：GET /
[2025-05-29T20:22:33.697] [INFO] info - 输出日志：GET /
[2025-05-29T20:22:34.149] [INFO] info - 输出日志：GET /
[2025-05-29T20:22:35.161] [INFO] info - 输出日志：GET /
[2025-05-29T20:22:36.174] [INFO] info - 输出日志：GET /
[2025-05-29T20:22:37.190] [INFO] info - 输出日志：GET /
[2025-05-29T20:22:38.211] [INFO] info - 输出日志：GET /
[2025-06-01T22:03:52.858] [INFO] info - 输出日志：OPTIONS /chatMessage
[2025-06-01T22:03:54.817] [INFO] info - 输出日志：POST /chatMessage
[2025-06-01T22:03:57.706] [INFO] info - 输出日志：OPTIONS /chatMessage
[2025-06-01T22:04:00.159] [INFO] info - 输出日志：POST /chatMessage
[2025-06-01T22:04:12.801] [INFO] info - 输出日志：OPTIONS /chatMessage
[2025-06-01T22:04:25.411] [INFO] info - 输出日志：POST /chatMessage
[2025-06-01T22:04:34.765] [INFO] info - 输出日志：OPTIONS /chatMessage
[2025-06-01T22:04:36.873] [INFO] info - 输出日志：POST /chatMessage
[2025-06-01T22:04:39.266] [INFO] info - 输出日志：OPTIONS /chatMessage
[2025-06-01T22:04:41.455] [INFO] info - 输出日志：POST /chatMessage
[2025-06-01T22:04:44.168] [INFO] info - 输出日志：OPTIONS /chatMessage
[2025-06-01T22:04:45.630] [INFO] info - 输出日志：POST /chatMessage
[2025-06-01T22:04:47.112] [INFO] info - 输出日志：OPTIONS /chatMessage
[2025-06-01T22:04:49.615] [INFO] info - 输出日志：POST /chatMessage
[2025-06-01T22:05:04.597] [INFO] info - 输出日志：OPTIONS /chatMessage
[2025-06-01T22:05:14.349] [INFO] info - 输出日志：POST /chatMessage
[2025-06-01T22:19:51.161] [INFO] info - 输出日志：GET /
[2025-06-01T22:19:52.087] [INFO] info - 输出日志：GET /favicon.ico
[2025-06-01T22:19:58.976] [INFO] info - 输出日志：GET /
[2025-06-01T22:21:34.866] [INFO] info - 输出日志：OPTIONS /chatMessage
[2025-06-01T22:21:36.985] [INFO] info - 输出日志：POST /chatMessage
[2025-06-01T22:22:25.043] [INFO] info - 输出日志：OPTIONS /chatMessage
[2025-06-01T22:22:27.161] [INFO] info - 输出日志：POST /chatMessage
[2025-06-01T22:22:29.205] [INFO] info - 输出日志：OPTIONS /chatMessage
[2025-06-01T22:22:32.000] [INFO] info - 输出日志：POST /chatMessage
[2025-06-01T22:22:37.889] [INFO] info - 输出日志：OPTIONS /chatMessage
[2025-06-01T22:22:40.079] [INFO] info - 输出日志：POST /chatMessage
[2025-06-01T22:22:50.805] [INFO] info - 输出日志：OPTIONS /chatMessage
[2025-06-01T22:22:55.910] [INFO] info - 输出日志：POST /chatMessage
[2025-06-01T22:30:10.447] [INFO] info - 输出日志：GET /
[2025-06-01T22:30:11.460] [INFO] info - 输出日志：GET /
[2025-06-01T22:30:12.468] [INFO] info - 输出日志：GET /
[2025-06-01T22:30:13.482] [INFO] info - 输出日志：GET /
[2025-06-01T22:30:14.490] [INFO] info - 输出日志：GET /
[2025-06-01T22:30:15.512] [INFO] info - 输出日志：GET /
[2025-06-01T22:30:16.540] [INFO] info - 输出日志：GET /
[2025-06-01T22:30:17.569] [INFO] info - 输出日志：GET /
[2025-06-01T22:30:18.596] [INFO] info - 输出日志：GET /
[2025-06-01T22:30:19.639] [INFO] info - 输出日志：GET /
[2025-06-01T22:30:20.686] [INFO] info - 输出日志：GET /
[2025-06-01T22:30:20.860] [INFO] info - 输出日志：GET /
[2025-06-01T22:30:21.108] [INFO] info - 输出日志：GET /favicon.ico
[2025-06-02T21:25:24.664] [INFO] info - 输出日志：OPTIONS /chatMessage
[2025-06-02T21:25:27.827] [INFO] info - 输出日志：POST /chatMessage
[2025-06-02T21:25:31.428] [INFO] info - 输出日志：OPTIONS /chatMessage
[2025-06-02T21:25:34.018] [INFO] info - 输出日志：POST /chatMessage
[2025-06-02T21:25:40.414] [INFO] info - 输出日志：OPTIONS /chatMessage
[2025-06-02T21:25:42.982] [INFO] info - 输出日志：POST /chatMessage
[2025-06-02T21:33:58.250] [INFO] info - 输出日志：OPTIONS /chatMessage
[2025-06-02T21:34:01.788] [INFO] info - 输出日志：POST /chatMessage
[2025-06-02T21:35:57.245] [INFO] info - 输出日志：OPTIONS /chatMessage
[2025-06-02T21:36:00.376] [INFO] info - 输出日志：POST /chatMessage
[2025-06-02T21:36:37.248] [INFO] info - 输出日志：OPTIONS /chatMessage
[2025-06-02T21:36:40.756] [INFO] info - 输出日志：POST /chatMessage
[2025-06-02T22:08:13.331] [INFO] info - 输出日志：GET /
[2025-06-02T22:11:04.484] [INFO] info - 输出日志：OPTIONS /chatMessage
[2025-06-02T22:11:06.625] [INFO] info - 输出日志：POST /chatMessage
[2025-06-02T22:13:59.667] [INFO] info - 输出日志：OPTIONS /chatMessage
[2025-06-02T22:14:01.771] [INFO] info - 输出日志：POST /chatMessage
[2025-06-04T17:02:55.157] [INFO] info - 输出日志：OPTIONS /chatMessage
[2025-06-04T17:03:00.508] [INFO] info - 输出日志：POST /chatMessage
[2025-06-04T17:03:12.840] [INFO] info - 输出日志：OPTIONS /chatMessage
[2025-06-04T17:03:38.330] [INFO] info - 输出日志：POST /chatMessage
[2025-06-04T17:12:33.669] [INFO] info - 输出日志：OPTIONS /chatMessage
[2025-06-04T17:12:46.397] [INFO] info - 输出日志：POST /chatMessage
[2025-06-04T17:15:03.678] [INFO] info - 输出日志：OPTIONS /chatMessage
[2025-06-04T17:15:17.921] [INFO] info - 输出日志：POST /chatMessage
[2025-06-04T17:19:54.081] [INFO] info - 输出日志：OPTIONS /chatMessage
[2025-06-04T17:20:14.663] [INFO] info - 输出日志：POST /chatMessage
[2025-06-04T17:23:04.183] [INFO] info - 输出日志：OPTIONS /chatMessage
[2025-06-04T17:23:15.686] [INFO] info - 输出日志：POST /chatMessage
[2025-06-04T17:25:13.129] [INFO] info - 输出日志：OPTIONS /chatMessage
[2025-06-04T17:25:30.772] [INFO] info - 输出日志：POST /chatMessage
[2025-06-04T17:37:18.887] [INFO] info - 输出日志：OPTIONS /chatMessage
[2025-06-04T17:37:21.654] [INFO] info - 输出日志：POST /chatMessage
[2025-06-04T17:37:35.176] [INFO] info - 输出日志：OPTIONS /chatMessage
[2025-06-04T17:37:47.051] [INFO] info - 输出日志：POST /chatMessage
[2025-06-04T17:41:47.622] [INFO] info - 输出日志：OPTIONS /chatMessage
[2025-06-04T17:42:00.539] [INFO] info - 输出日志：POST /chatMessage
[2025-06-04T17:42:11.561] [INFO] info - 输出日志：OPTIONS /chatMessage
[2025-06-04T17:42:23.573] [INFO] info - 输出日志：POST /chatMessage
[2025-06-04T17:43:19.981] [INFO] info - 输出日志：OPTIONS /chatMessage
[2025-06-04T17:43:35.722] [INFO] info - 输出日志：POST /chatMessage
[2025-06-04T17:44:44.852] [INFO] info - 输出日志：OPTIONS /chatMessage
[2025-06-04T17:44:58.928] [INFO] info - 输出日志：POST /chatMessage
[2025-06-04T18:00:38.216] [INFO] info - 输出日志：OPTIONS /chatMessage
[2025-06-04T18:00:54.147] [INFO] info - 输出日志：POST /chatMessage
[2025-06-04T18:20:56.582] [INFO] info - 输出日志：OPTIONS /chatMessage
[2025-06-04T18:20:59.814] [INFO] info - 输出日志：POST /chatMessage
[2025-06-04T18:21:18.161] [INFO] info - 输出日志：OPTIONS /chatMessage
[2025-06-04T18:21:30.173] [INFO] info - 输出日志：POST /chatMessage
[2025-06-04T18:29:07.008] [INFO] info - 输出日志：OPTIONS /chatMessage
[2025-06-04T18:29:24.402] [INFO] info - 输出日志：POST /chatMessage
[2025-06-04T18:53:12.605] [INFO] info - 输出日志：OPTIONS /chatMessage
[2025-06-04T18:53:23.832] [INFO] info - 输出日志：POST /chatMessage
[2025-06-04T18:53:47.202] [INFO] info - 输出日志：OPTIONS /chatMessage
[2025-06-04T18:53:56.292] [INFO] info - 输出日志：POST /chatMessage
[2025-06-04T18:54:19.519] [INFO] info - 输出日志：OPTIONS /chatMessage
[2025-06-04T18:54:31.729] [INFO] info - 输出日志：POST /chatMessage
[2025-06-04T18:55:03.216] [INFO] info - 输出日志：OPTIONS /chatMessage
[2025-06-04T18:55:05.448] [INFO] info - 输出日志：POST /chatMessage
[2025-06-04T18:55:31.495] [INFO] info - 输出日志：OPTIONS /chatMessage
[2025-06-04T18:55:33.438] [INFO] info - 输出日志：POST /chatMessage
[2025-06-04T18:56:10.310] [INFO] info - 输出日志：OPTIONS /chatMessage
[2025-06-04T18:56:13.467] [INFO] info - 输出日志：POST /chatMessage
[2025-06-04T18:56:35.287] [INFO] info - 输出日志：OPTIONS /chatMessage
[2025-06-04T18:56:37.939] [INFO] info - 输出日志：POST /chatMessage
[2025-06-04T18:56:53.240] [INFO] info - 输出日志：OPTIONS /chatMessage
[2025-06-04T18:56:56.358] [INFO] info - 输出日志：POST /chatMessage
[2025-06-04T18:57:10.702] [INFO] info - 输出日志：OPTIONS /chatMessage
[2025-06-04T18:57:13.808] [INFO] info - 输出日志：POST /chatMessage
[2025-06-04T19:14:03.754] [INFO] info - 输出日志：OPTIONS /chatMessage
[2025-06-04T19:14:06.925] [INFO] info - 输出日志：POST /chatMessage
[2025-06-04T19:14:20.962] [INFO] info - 输出日志：OPTIONS /chatMessage
[2025-06-04T19:14:28.289] [INFO] info - 输出日志：POST /chatMessage
[2025-06-04T19:14:53.590] [INFO] info - 输出日志：OPTIONS /chatMessage
[2025-06-04T19:15:12.838] [INFO] info - 输出日志：POST /chatMessage
[2025-06-04T19:30:19.906] [INFO] info - 输出日志：OPTIONS /chatMessage
[2025-06-04T19:30:34.311] [INFO] info - 输出日志：POST /chatMessage
[2025-06-04T19:33:21.666] [INFO] info - 输出日志：OPTIONS /chatMessage
[2025-06-04T19:33:27.457] [INFO] info - 输出日志：POST /chatMessage
[2025-06-04T19:33:32.751] [INFO] info - 输出日志：OPTIONS /chatMessage
[2025-06-04T19:33:45.265] [INFO] info - 输出日志：POST /chatMessage
[2025-06-04T19:33:58.811] [INFO] info - 输出日志：OPTIONS /chatMessage
[2025-06-04T19:34:07.252] [INFO] info - 输出日志：POST /chatMessage
[2025-06-04T19:34:24.907] [INFO] info - 输出日志：OPTIONS /chatMessage
[2025-06-04T19:34:26.065] [INFO] info - 输出日志：POST /chatMessage
[2025-06-04T19:34:39.806] [INFO] info - 输出日志：OPTIONS /chatMessage
[2025-06-04T19:35:04.099] [INFO] info - 输出日志：POST /chatMessage
[2025-06-04T19:52:53.610] [INFO] info - 输出日志：OPTIONS /chatMessage
[2025-06-04T19:53:03.634] [INFO] info - 输出日志：POST /chatMessage
[2025-06-04T19:55:12.889] [INFO] info - 输出日志：OPTIONS /chatMessage
[2025-06-04T19:55:26.315] [INFO] info - 输出日志：POST /chatMessage
[2025-06-04T19:56:57.172] [INFO] info - 输出日志：OPTIONS /chatMessage
[2025-06-04T19:57:06.790] [INFO] info - 输出日志：POST /chatMessage
[2025-06-04T19:58:04.785] [INFO] info - 输出日志：OPTIONS /chatMessage
[2025-06-04T19:58:15.951] [INFO] info - 输出日志：POST /chatMessage
[2025-06-04T20:07:37.089] [INFO] info - 输出日志：OPTIONS /chatMessage
[2025-06-04T20:08:00.346] [INFO] info - 输出日志：POST /chatMessage
[2025-06-04T20:08:45.441] [INFO] info - 输出日志：OPTIONS /chatMessage
[2025-06-04T20:09:05.161] [INFO] info - 输出日志：POST /chatMessage
[2025-06-04T20:09:31.798] [INFO] info - 输出日志：OPTIONS /chatMessage
[2025-06-04T20:09:49.240] [INFO] info - 输出日志：POST /chatMessage
[2025-06-04T20:13:07.730] [INFO] info - 输出日志：OPTIONS /chatMessage
[2025-06-04T20:13:26.388] [INFO] info - 输出日志：POST /chatMessage
[2025-06-04T20:17:00.752] [INFO] info - 输出日志：OPTIONS /chatMessage
[2025-06-04T20:17:09.979] [INFO] info - 输出日志：POST /chatMessage
[2025-06-04T20:25:26.157] [INFO] info - 输出日志：GET /
[2025-06-04T20:25:26.174] [INFO] info - 输出日志：GET /
[2025-06-05T12:48:36.794] [INFO] info - 输出日志：OPTIONS /chatMessage
[2025-06-05T12:48:53.569] [INFO] info - 输出日志：POST /chatMessage
[2025-06-05T12:49:45.683] [INFO] info - 输出日志：OPTIONS /chatMessage
[2025-06-05T12:50:30.883] [INFO] info - 输出日志：OPTIONS /chatMessage
[2025-06-05T12:50:48.525] [INFO] info - 输出日志：POST /chatMessage
[2025-06-05T14:34:40.200] [INFO] info - 输出日志：OPTIONS /chatMessage
[2025-06-05T14:34:54.283] [INFO] info - 输出日志：OPTIONS /chatMessage
[2025-06-05T14:34:57.904] [INFO] info - 输出日志：POST /chatMessage
[2025-06-05T14:35:12.032] [INFO] info - 输出日志：OPTIONS /chatMessage
[2025-06-05T14:37:05.770] [INFO] info - 输出日志：OPTIONS /chatMessage
[2025-06-05T14:40:57.464] [INFO] info - 输出日志：GET /chatMessage
[2025-06-05T14:41:04.921] [INFO] info - 输出日志：POST /chatMessage
[2025-06-05T14:41:48.654] [INFO] info - 输出日志：POST /chatMessage
[2025-06-05T14:42:17.071] [INFO] info - 输出日志：POST /chatMessage
[2025-06-05T14:42:36.858] [INFO] info - 输出日志：POST /chatMessage
[2025-06-05T23:05:22.641] [INFO] info - 输出日志：GET /
[2025-06-05T23:05:23.661] [INFO] info - 输出日志：GET /
[2025-06-05T23:05:24.674] [INFO] info - 输出日志：GET /
[2025-06-05T23:05:25.682] [INFO] info - 输出日志：GET /
[2025-06-06T13:19:28.680] [INFO] info - 输出日志：OPTIONS /chatMessage
[2025-06-06T13:19:32.474] [INFO] info - 输出日志：POST /chatMessage
[2025-06-06T13:28:28.783] [INFO] info - 输出日志：OPTIONS /chatMessage
[2025-06-06T13:47:14.946] [INFO] info - 输出日志：OPTIONS /chatMessage
[2025-06-06T13:47:19.026] [INFO] info - 输出日志：POST /chatMessage
[2025-06-06T13:50:36.357] [INFO] info - 输出日志：OPTIONS /chatMessage
[2025-06-06T13:50:38.978] [INFO] info - 输出日志：POST /chatMessage
[2025-06-06T13:54:27.250] [INFO] info - 输出日志：OPTIONS /chatMessage
[2025-06-06T13:54:31.243] [INFO] info - 输出日志：POST /chatMessage
[2025-06-06T13:55:34.322] [INFO] info - 输出日志：OPTIONS /chatMessage
[2025-06-06T13:55:36.629] [INFO] info - 输出日志：POST /chatMessage
[2025-06-06T13:58:33.804] [INFO] info - 输出日志：OPTIONS /chatMessage
[2025-06-06T13:58:37.051] [INFO] info - 输出日志：POST /chatMessage
[2025-06-06T13:58:40.259] [INFO] info - 输出日志：OPTIONS /chatMessage
[2025-06-06T13:58:42.395] [INFO] info - 输出日志：POST /chatMessage
[2025-06-06T13:58:59.341] [INFO] info - 输出日志：OPTIONS /chatMessage
[2025-06-06T13:59:02.322] [INFO] info - 输出日志：POST /chatMessage
[2025-06-06T13:59:27.357] [INFO] info - 输出日志：OPTIONS /chatMessage
[2025-06-06T13:59:30.466] [INFO] info - 输出日志：POST /chatMessage
[2025-06-06T14:02:03.234] [INFO] info - 输出日志：OPTIONS /chatMessage
[2025-06-06T14:02:05.052] [INFO] info - 输出日志：POST /chatMessage
[2025-06-06T14:02:57.816] [INFO] info - 输出日志：OPTIONS /chatMessage
[2025-06-06T14:03:01.355] [INFO] info - 输出日志：POST /chatMessage
[2025-06-06T14:09:24.413] [INFO] info - 输出日志：OPTIONS /chatMessage
[2025-06-06T14:09:29.893] [INFO] info - 输出日志：POST /chatMessage
[2025-06-06T14:09:55.054] [INFO] info - 输出日志：OPTIONS /chatMessage
[2025-06-06T14:09:58.615] [INFO] info - 输出日志：POST /chatMessage
[2025-06-06T14:11:31.534] [INFO] info - 输出日志：OPTIONS /chatMessage
[2025-06-06T14:11:33.254] [INFO] info - 输出日志：POST /chatMessage
[2025-06-06T14:20:41.537] [INFO] info - 输出日志：OPTIONS /chatMessage
[2025-06-06T14:20:44.916] [INFO] info - 输出日志：POST /chatMessage
[2025-06-06T14:44:38.360] [INFO] info - 输出日志：OPTIONS /chatMessage
[2025-06-06T14:44:40.903] [INFO] info - 输出日志：POST /chatMessage
[2025-06-06T14:44:40.907] [INFO] info - 输出日志：OPTIONS /queryTrainTicket
[2025-06-06T14:44:41.162] [INFO] info - 输出日志：POST /queryTrainTicket
[2025-06-06T14:57:40.897] [INFO] info - 输出日志：OPTIONS /chatMessage
[2025-06-06T14:57:43.295] [INFO] info - 输出日志：POST /chatMessage
[2025-06-06T14:57:43.302] [INFO] info - 输出日志：OPTIONS /queryTrainTicket
[2025-06-06T14:57:43.525] [INFO] info - 输出日志：POST /queryTrainTicket
[2025-06-06T14:59:06.417] [INFO] info - 输出日志：OPTIONS /chatMessage
[2025-06-06T14:59:09.932] [INFO] info - 输出日志：POST /chatMessage
[2025-06-06T14:59:09.936] [INFO] info - 输出日志：OPTIONS /queryTrainTicket
[2025-06-06T14:59:10.174] [INFO] info - 输出日志：POST /queryTrainTicket
[2025-06-06T14:59:30.581] [INFO] info - 输出日志：OPTIONS /chatMessage
[2025-06-06T14:59:32.507] [INFO] info - 输出日志：POST /chatMessage
[2025-06-06T14:59:32.511] [INFO] info - 输出日志：OPTIONS /queryTrainTicket
[2025-06-06T14:59:32.664] [INFO] info - 输出日志：POST /queryTrainTicket
[2025-06-06T15:00:08.858] [INFO] info - 输出日志：OPTIONS /chatMessage
[2025-06-06T15:00:11.382] [INFO] info - 输出日志：POST /chatMessage
[2025-06-06T15:00:11.385] [INFO] info - 输出日志：OPTIONS /queryTrainTicket
[2025-06-06T15:00:11.550] [INFO] info - 输出日志：POST /queryTrainTicket
[2025-06-06T15:01:15.067] [INFO] info - 输出日志：OPTIONS /chatMessage
[2025-06-06T15:01:17.743] [INFO] info - 输出日志：POST /chatMessage
[2025-06-06T15:01:17.747] [INFO] info - 输出日志：OPTIONS /queryTrainTicket
[2025-06-06T15:01:18.538] [INFO] info - 输出日志：POST /queryTrainTicket
[2025-06-06T15:02:00.231] [INFO] info - 输出日志：OPTIONS /chatMessage
[2025-06-06T15:02:02.115] [INFO] info - 输出日志：POST /chatMessage
[2025-06-06T15:02:02.118] [INFO] info - 输出日志：OPTIONS /queryTrainTicket
[2025-06-06T15:02:04.529] [INFO] info - 输出日志：POST /queryTrainTicket
[2025-06-06T15:03:03.432] [INFO] info - 输出日志：OPTIONS /chatMessage
[2025-06-06T15:03:05.608] [INFO] info - 输出日志：POST /chatMessage
[2025-06-06T15:03:05.612] [INFO] info - 输出日志：OPTIONS /queryTrainTicket
[2025-06-06T15:03:06.560] [INFO] info - 输出日志：POST /queryTrainTicket
[2025-06-06T15:05:16.315] [INFO] info - 输出日志：OPTIONS /chatMessage
[2025-06-06T15:05:19.787] [INFO] info - 输出日志：POST /chatMessage
[2025-06-06T15:05:19.790] [INFO] info - 输出日志：OPTIONS /queryTrainTicket
[2025-06-06T15:05:19.961] [INFO] info - 输出日志：POST /queryTrainTicket
[2025-06-06T15:06:01.294] [INFO] info - 输出日志：OPTIONS /chatMessage
[2025-06-06T15:06:04.844] [INFO] info - 输出日志：POST /chatMessage
[2025-06-06T15:06:04.847] [INFO] info - 输出日志：OPTIONS /queryTrainTicket
[2025-06-06T15:06:05.027] [INFO] info - 输出日志：POST /queryTrainTicket
[2025-06-06T15:06:20.483] [INFO] info - 输出日志：OPTIONS /chatMessage
[2025-06-06T15:06:22.546] [INFO] info - 输出日志：POST /chatMessage
[2025-06-06T15:06:22.549] [INFO] info - 输出日志：OPTIONS /queryTrainTicket
[2025-06-06T15:06:22.750] [INFO] info - 输出日志：POST /queryTrainTicket
[2025-06-06T15:06:48.507] [INFO] info - 输出日志：OPTIONS /chatMessage
[2025-06-06T15:06:50.552] [INFO] info - 输出日志：POST /chatMessage
[2025-06-06T15:07:04.288] [INFO] info - 输出日志：OPTIONS /chatMessage
[2025-06-06T15:07:07.223] [INFO] info - 输出日志：POST /chatMessage
[2025-06-06T15:07:07.226] [INFO] info - 输出日志：OPTIONS /queryTrainTicket
[2025-06-06T15:07:07.553] [INFO] info - 输出日志：POST /queryTrainTicket
[2025-06-06T20:48:16.289] [INFO] info - 输出日志：OPTIONS /chatMessage
[2025-06-06T20:48:17.683] [INFO] info - 输出日志：POST /chatMessage
[2025-06-06T20:48:38.696] [INFO] info - 输出日志：OPTIONS /chatMessage
[2025-06-06T20:48:40.215] [INFO] info - 输出日志：POST /chatMessage
[2025-06-06T20:48:40.220] [INFO] info - 输出日志：OPTIONS /queryTrainTicket
[2025-06-06T20:48:40.430] [INFO] info - 输出日志：POST /queryTrainTicket
[2025-06-06T20:49:08.807] [INFO] info - 输出日志：OPTIONS /chatMessage
[2025-06-06T20:49:10.719] [INFO] info - 输出日志：POST /chatMessage
[2025-06-06T20:49:10.723] [INFO] info - 输出日志：OPTIONS /queryTrainTicket
[2025-06-06T20:49:10.911] [INFO] info - 输出日志：POST /queryTrainTicket
[2025-06-06T20:49:34.696] [INFO] info - 输出日志：OPTIONS /chatMessage
[2025-06-06T20:49:37.524] [INFO] info - 输出日志：POST /chatMessage
[2025-06-06T20:49:37.528] [INFO] info - 输出日志：OPTIONS /queryTrainTicket
[2025-06-06T20:49:38.364] [INFO] info - 输出日志：POST /queryTrainTicket
[2025-06-06T20:57:27.761] [INFO] info - 输出日志：OPTIONS /chatMessage
[2025-06-06T20:57:30.345] [INFO] info - 输出日志：POST /chatMessage
[2025-06-06T20:57:30.348] [INFO] info - 输出日志：OPTIONS /queryTrainTicket
[2025-06-06T20:57:31.058] [INFO] info - 输出日志：POST /queryTrainTicket
[2025-06-06T21:40:36.250] [INFO] info - 输出日志：OPTIONS /chatMessage
[2025-06-06T21:40:38.077] [INFO] info - 输出日志：POST /chatMessage
[2025-06-06T21:40:38.082] [INFO] info - 输出日志：OPTIONS /queryTrainTicket
[2025-06-06T21:40:38.689] [INFO] info - 输出日志：POST /queryTrainTicket
[2025-06-06T21:41:39.681] [INFO] info - 输出日志：OPTIONS /chatMessage
[2025-06-06T21:41:43.214] [INFO] info - 输出日志：POST /chatMessage
[2025-06-06T21:41:43.218] [INFO] info - 输出日志：OPTIONS /queryTrainTicket
[2025-06-06T21:41:45.835] [INFO] info - 输出日志：POST /queryTrainTicket
[2025-06-06T21:42:32.459] [INFO] info - 输出日志：OPTIONS /chatMessage
[2025-06-06T21:42:36.104] [INFO] info - 输出日志：POST /chatMessage
[2025-06-06T21:42:36.108] [INFO] info - 输出日志：OPTIONS /queryTrainTicket
[2025-06-06T21:42:36.315] [INFO] info - 输出日志：POST /queryTrainTicket
[2025-06-06T21:43:01.096] [INFO] info - 输出日志：OPTIONS /chatMessage
[2025-06-06T21:43:03.589] [INFO] info - 输出日志：POST /chatMessage
[2025-06-06T21:43:03.593] [INFO] info - 输出日志：OPTIONS /queryTrainTicket
[2025-06-06T21:43:03.819] [INFO] info - 输出日志：POST /queryTrainTicket
[2025-06-06T21:43:16.583] [INFO] info - 输出日志：OPTIONS /chatMessage
[2025-06-06T21:43:18.963] [INFO] info - 输出日志：POST /chatMessage
[2025-06-06T21:43:18.969] [INFO] info - 输出日志：OPTIONS /queryTrainTicket
[2025-06-06T21:43:19.643] [INFO] info - 输出日志：POST /queryTrainTicket
[2025-06-06T21:50:04.253] [INFO] info - 输出日志：OPTIONS /chatMessage
[2025-06-06T21:50:07.234] [INFO] info - 输出日志：POST /chatMessage
[2025-06-06T21:53:11.049] [INFO] info - 输出日志：OPTIONS /chatMessage
[2025-06-06T21:53:13.732] [INFO] info - 输出日志：POST /chatMessage
[2025-06-06T21:53:13.734] [INFO] info - 输出日志：OPTIONS /queryTrainTicket
[2025-06-06T21:53:14.418] [INFO] info - 输出日志：POST /queryTrainTicket
[2025-06-08T15:37:12.870] [INFO] info - 输出日志：POST /chatMessage
[2025-06-08T15:39:27.176] [INFO] info - 输出日志：POST /chatMessage
[2025-06-08T15:42:27.390] [INFO] info - 输出日志：POST /chatMessage
[2025-06-08T15:47:59.806] [INFO] info - 输出日志：POST /chatMessage
[2025-06-08T15:48:19.115] [INFO] info - 输出日志：POST /chatMessage
[2025-06-08T15:48:47.493] [INFO] info - 输出日志：POST /chatMessage
[2025-06-08T15:49:18.873] [INFO] info - 输出日志：POST /chatMessage
[2025-06-08T15:49:46.494] [INFO] info - 输出日志：OPTIONS /chatMessage
[2025-06-08T15:49:48.716] [INFO] info - 输出日志：POST /chatMessage
[2025-06-08T15:49:48.723] [INFO] info - 输出日志：OPTIONS /queryTrainTicket
[2025-06-08T15:49:48.964] [INFO] info - 输出日志：POST /queryTrainTicket
[2025-06-08T15:50:32.918] [INFO] info - 输出日志：POST /chatMessage
[2025-06-08T15:50:56.931] [INFO] info - 输出日志：POST /chatMessage
[2025-06-08T15:51:05.445] [INFO] info - 输出日志：OPTIONS /chatMessage
[2025-06-08T15:51:08.463] [INFO] info - 输出日志：POST /chatMessage
[2025-06-08T15:51:08.466] [INFO] info - 输出日志：OPTIONS /queryTrainTicket
[2025-06-08T15:51:08.673] [INFO] info - 输出日志：POST /queryTrainTicket
[2025-06-08T15:52:35.298] [INFO] info - 输出日志：POST /chatMessage
[2025-06-08T15:52:44.280] [INFO] info - 输出日志：OPTIONS /chatMessage
[2025-06-08T15:52:46.256] [INFO] info - 输出日志：POST /chatMessage
[2025-06-08T15:55:27.463] [INFO] info - 输出日志：POST /chatMessage
[2025-06-08T15:58:20.105] [INFO] info - 输出日志：POST /chatMessage
[2025-06-08T15:58:36.305] [INFO] info - 输出日志：POST /chatMessage
[2025-06-08T16:01:23.220] [INFO] info - 输出日志：OPTIONS /chatMessage
[2025-06-08T16:01:24.580] [INFO] info - 输出日志：POST /chatMessage
[2025-06-08T16:01:57.213] [INFO] info - 输出日志：POST /chatMessage
[2025-06-08T16:02:46.973] [INFO] info - 输出日志：POST /chatMessage
[2025-06-08T16:03:36.967] [INFO] info - 输出日志：POST /chatMessage
[2025-06-08T16:04:08.388] [INFO] info - 输出日志：OPTIONS /chatMessage
[2025-06-08T16:04:13.695] [INFO] info - 输出日志：POST /chatMessage
[2025-06-08T16:06:24.104] [INFO] info - 输出日志：POST /chatMessage
[2025-06-08T16:07:14.864] [INFO] info - 输出日志：POST /chatMessage
[2025-06-08T16:07:51.322] [INFO] info - 输出日志：POST /chatMessage
[2025-06-08T16:08:14.042] [INFO] info - 输出日志：POST /chatMessage
[2025-06-08T16:08:38.509] [INFO] info - 输出日志：POST /chatMessage
[2025-06-08T16:13:13.928] [INFO] info - 输出日志：POST /chatMessage
[2025-06-08T16:16:16.868] [INFO] info - 输出日志：POST /chatMessage
[2025-06-08T16:17:11.352] [INFO] info - 输出日志：POST /chatMessage
[2025-06-08T16:18:34.147] [INFO] info - 输出日志：POST /chatMessage
[2025-06-08T16:21:42.010] [INFO] info - 输出日志：OPTIONS /chatMessage
[2025-06-08T16:21:50.488] [INFO] info - 输出日志：POST /chatMessage
[2025-06-08T16:22:09.505] [INFO] info - 输出日志：OPTIONS /chatMessage
[2025-06-08T16:22:13.171] [INFO] info - 输出日志：POST /chatMessage
[2025-06-08T16:22:13.174] [INFO] info - 输出日志：OPTIONS /queryTrainTicket
[2025-06-08T16:22:13.401] [INFO] info - 输出日志：POST /queryTrainTicket
[2025-06-08T16:25:44.513] [INFO] info - 输出日志：POST /chatMessage
[2025-06-08T16:39:44.570] [INFO] info - 输出日志：OPTIONS /chatMessage
[2025-06-08T16:39:46.181] [INFO] info - 输出日志：POST /chatMessage
[2025-06-08T16:39:55.505] [INFO] info - 输出日志：OPTIONS /chatMessage
[2025-06-08T16:39:57.099] [INFO] info - 输出日志：POST /chatMessage
[2025-06-08T16:49:44.099] [INFO] info - 输出日志：OPTIONS /chatMessage
[2025-06-08T16:49:45.265] [INFO] info - 输出日志：POST /chatMessage
[2025-06-08T16:49:45.269] [INFO] info - 输出日志：OPTIONS /queryWeather
[2025-06-08T16:50:00.437] [INFO] info - 输出日志：GET /favicon.ico
[2025-06-08T16:50:42.934] [INFO] info - 输出日志：OPTIONS /chatMessage
[2025-06-08T16:50:44.149] [INFO] info - 输出日志：POST /chatMessage
[2025-06-08T16:50:44.153] [INFO] info - 输出日志：OPTIONS /queryWeather
[2025-06-08T16:50:44.155] [INFO] info - 输出日志：POST /queryWeather
[2025-06-08T16:50:51.234] [INFO] info - 输出日志：GET /favicon.ico
[2025-06-08T16:56:25.247] [INFO] info - 输出日志：OPTIONS /chatMessage
[2025-06-08T16:56:27.024] [INFO] info - 输出日志：POST /chatMessage
[2025-06-08T16:56:27.028] [INFO] info - 输出日志：OPTIONS /queryWeather
[2025-06-08T16:56:27.030] [INFO] info - 输出日志：POST /queryWeather
[2025-06-08T16:57:17.784] [INFO] info - 输出日志：OPTIONS /chatMessage
[2025-06-08T16:57:19.425] [INFO] info - 输出日志：POST /chatMessage
[2025-06-08T16:57:19.428] [INFO] info - 输出日志：OPTIONS /queryWeather
[2025-06-08T16:57:19.431] [INFO] info - 输出日志：POST /queryWeather
[2025-06-08T16:58:52.082] [INFO] info - 输出日志：OPTIONS /chatMessage
[2025-06-08T16:58:53.482] [INFO] info - 输出日志：POST /chatMessage
[2025-06-08T17:06:20.431] [INFO] info - 输出日志：OPTIONS /chatMessage
[2025-06-08T17:06:21.885] [INFO] info - 输出日志：POST /chatMessage
[2025-06-08T17:06:21.889] [INFO] info - 输出日志：OPTIONS /queryWeather?city=%E5%B9%BF%E5%B7%9E%E5%B8%82%22
[2025-06-08T17:06:22.128] [INFO] info - 输出日志：GET /queryWeather?city=%E5%B9%BF%E5%B7%9E%E5%B8%82%22
[2025-06-08T19:10:25.520] [INFO] info - 输出日志：OPTIONS /chatMessage
[2025-06-08T19:10:26.653] [INFO] info - 输出日志：POST /chatMessage
[2025-06-08T19:10:26.657] [INFO] info - 输出日志：OPTIONS /queryWeather?city=%E5%B9%BF%E5%B7%9E%E5%B8%82%22
[2025-06-08T19:10:26.880] [INFO] info - 输出日志：GET /queryWeather?city=%E5%B9%BF%E5%B7%9E%E5%B8%82%22
[2025-06-08T19:48:19.320] [INFO] info - 输出日志：OPTIONS /chatMessage
[2025-06-08T19:48:20.423] [INFO] info - 输出日志：POST /chatMessage
[2025-06-08T19:48:20.635] [INFO] info - 输出日志：GET /queryWeather?city=%E5%B9%BF%E5%B7%9E%E5%B8%82%22
[2025-06-08T19:57:09.590] [INFO] info - 输出日志：OPTIONS /chatMessage
[2025-06-08T19:57:11.350] [INFO] info - 输出日志：POST /chatMessage
[2025-06-08T19:57:11.555] [INFO] info - 输出日志：GET /queryWeather?city=%E6%B7%B1%E5%9C%B3%E5%B8%82%22
[2025-06-10T17:17:45.764] [INFO] info - 输出日志：POST /chatMessage
[2025-06-10T17:20:27.496] [INFO] info - 输出日志：POST /chatMessage
[2025-06-10T17:20:45.485] [INFO] info - 输出日志：POST /chatMessage
[2025-06-10T17:21:17.348] [INFO] info - 输出日志：OPTIONS /chatMessage
[2025-06-10T17:21:19.636] [INFO] info - 输出日志：POST /chatMessage
[2025-06-10T17:21:51.249] [INFO] info - 输出日志：OPTIONS /chatMessage
[2025-06-10T17:21:55.513] [INFO] info - 输出日志：POST /chatMessage
[2025-06-10T17:25:24.887] [INFO] info - 输出日志：OPTIONS /chatMessage
[2025-06-10T17:25:27.884] [INFO] info - 输出日志：POST /chatMessage
[2025-06-10T17:25:41.560] [INFO] info - 输出日志：OPTIONS /chatMessage
[2025-06-10T17:25:43.075] [INFO] info - 输出日志：POST /chatMessage
[2025-06-10T17:25:43.341] [INFO] info - 输出日志：GET /queryWeather?city=%E5%B9%BF%E5%B7%9E%E5%B8%82%22
[2025-06-10T17:27:21.669] [INFO] info - 输出日志：POST /chatMessage
[2025-06-10T17:28:26.046] [INFO] info - 输出日志：POST /chatMessage
[2025-06-10T17:29:16.458] [INFO] info - 输出日志：OPTIONS /chatMessage
[2025-06-10T17:29:17.855] [INFO] info - 输出日志：POST /chatMessage
[2025-06-10T17:29:18.079] [INFO] info - 输出日志：GET /queryWeather?city=%E5%B9%BF%E5%B7%9E%E5%B8%82%22
[2025-06-10T17:31:09.923] [INFO] info - 输出日志：POST /chatMessage
[2025-06-10T21:28:03.425] [INFO] info - 输出日志：OPTIONS /chatMessage
[2025-06-10T21:28:05.896] [INFO] info - 输出日志：POST /chatMessage
[2025-06-10T21:28:09.363] [INFO] info - 输出日志：OPTIONS /chatMessage
[2025-06-10T21:28:13.376] [INFO] info - 输出日志：POST /chatMessage
[2025-06-10T21:28:20.951] [INFO] info - 输出日志：OPTIONS /chatMessage
[2025-06-10T21:28:22.397] [INFO] info - 输出日志：POST /chatMessage
[2025-06-10T21:28:22.618] [INFO] info - 输出日志：GET /queryWeather?city=%E5%B9%BF%E5%B7%9E%E5%B8%82%22
[2025-09-14T15:24:18.918] [INFO] info - 输出日志：OPTIONS /chatMessage
[2025-09-14T15:24:20.006] [INFO] info - 输出日志：POST /chatMessage
[2025-09-14T15:24:24.723] [INFO] info - 输出日志：OPTIONS /chatMessage
[2025-09-14T15:24:25.842] [INFO] info - 输出日志：POST /chatMessage
[2025-09-14T15:24:31.139] [INFO] info - 输出日志：OPTIONS /chatMessage
[2025-09-14T15:24:32.307] [INFO] info - 输出日志：POST /chatMessage
[2025-09-14T15:24:47.629] [INFO] info - 输出日志：OPTIONS /chatMessage
[2025-09-14T15:25:04.400] [INFO] info - 输出日志：POST /chatMessage
[2025-09-14T15:25:44.887] [INFO] info - 输出日志：OPTIONS /chatMessage
[2025-09-14T15:25:45.591] [INFO] info - 输出日志：POST /chatMessage
[2025-09-14T15:25:49.189] [INFO] info - 输出日志：OPTIONS /chatMessage
[2025-09-14T15:25:50.018] [INFO] info - 输出日志：POST /chatMessage
[2025-09-14T15:25:54.493] [INFO] info - 输出日志：OPTIONS /chatMessage
[2025-09-14T15:25:56.236] [INFO] info - 输出日志：POST /chatMessage
[2025-09-14T15:25:58.926] [INFO] info - 输出日志：OPTIONS /chatMessage
[2025-09-14T15:26:00.638] [INFO] info - 输出日志：POST /chatMessage
[2025-09-14T15:26:26.156] [INFO] info - 输出日志：OPTIONS /chatMessage
[2025-09-14T15:26:26.868] [INFO] info - 输出日志：POST /chatMessage
[2025-09-14T15:26:27.127] [INFO] info - 输出日志：GET /queryWeather?city=%E5%B9%BF%E5%B7%9E%E5%B8%82%22
[2025-09-14T15:26:47.325] [INFO] info - 输出日志：OPTIONS /chatMessage
[2025-09-14T15:26:48.577] [INFO] info - 输出日志：POST /chatMessage
[2025-09-14T15:26:48.579] [INFO] info - 输出日志：OPTIONS /queryTrainTicket
[2025-09-14T15:26:48.811] [INFO] info - 输出日志：POST /queryTrainTicket
[2025-09-14T15:27:11.448] [INFO] info - 输出日志：OPTIONS /chatMessage
[2025-09-14T15:27:12.949] [INFO] info - 输出日志：POST /chatMessage
[2025-09-14T15:27:12.953] [INFO] info - 输出日志：OPTIONS /queryTrainTicket
[2025-09-14T15:27:13.164] [INFO] info - 输出日志：POST /queryTrainTicket
[2025-09-14T15:37:03.130] [INFO] info - 输出日志：OPTIONS /chatMessage
[2025-09-14T15:37:03.768] [INFO] info - 输出日志：POST /chatMessage
[2025-09-14T15:37:06.595] [INFO] info - 输出日志：OPTIONS /chatMessage
[2025-09-14T15:37:07.143] [INFO] info - 输出日志：POST /chatMessage
[2025-09-15T13:45:05.880] [INFO] info - 输出日志：OPTIONS /chatMessage
[2025-09-15T13:45:07.062] [INFO] info - 输出日志：POST /chatMessage
[2025-09-15T13:45:27.471] [INFO] info - 输出日志：OPTIONS /chatMessage
[2025-09-15T13:45:28.127] [INFO] info - 输出日志：POST /chatMessage
[2025-09-15T13:45:31.388] [INFO] info - 输出日志：OPTIONS /chatMessage
[2025-09-15T13:45:32.194] [INFO] info - 输出日志：POST /chatMessage
[2025-09-15T17:00:11.800] [INFO] info - 输出日志：GET /
[2025-09-15T17:00:12.720] [INFO] info - 输出日志：GET /favicon.ico
[2025-09-15T17:00:26.090] [INFO] info - 输出日志：GET /
[2025-09-15T17:01:27.248] [INFO] info - 输出日志：GET /data
[2025-09-15T17:01:31.854] [INFO] info - 输出日志：GET /data
[2025-09-15T17:01:43.112] [INFO] info - 输出日志：GET /data
[2025-09-15T17:01:50.415] [INFO] info - 输出日志：GET /data
[2025-09-15T17:01:55.943] [INFO] info - 输出日志：GET /
[2025-09-15T17:01:56.829] [INFO] info - 输出日志：GET /favicon.ico
[2025-09-15T17:02:06.858] [INFO] info - 输出日志：GET /data
[2025-09-15T17:03:12.906] [INFO] info - 输出日志：GET /
[2025-09-15T17:03:17.154] [INFO] info - 输出日志：GET /data
[2025-09-15T17:04:29.313] [INFO] info - 输出日志：GET /
[2025-09-15T17:04:29.337] [INFO] info - 输出日志：GET /
[2025-09-15T17:04:30.322] [INFO] info - 输出日志：GET /
[2025-09-15T17:04:31.331] [INFO] info - 输出日志：GET /
[2025-09-15T17:04:32.336] [INFO] info - 输出日志：GET /
[2025-09-15T17:04:33.343] [INFO] info - 输出日志：GET /
[2025-09-15T17:04:34.363] [INFO] info - 输出日志：GET /
[2025-09-15T17:04:35.369] [INFO] info - 输出日志：GET /
[2025-09-22T10:41:50.393] [INFO] info - 输出日志：GET /
[2025-09-22T10:41:51.406] [INFO] info - 输出日志：GET /
[2025-09-22T10:41:52.420] [INFO] info - 输出日志：GET /
[2025-09-22T10:42:39.900] [INFO] info - 输出日志：OPTIONS /chatMessage
[2025-09-22T10:42:41.720] [INFO] info - 输出日志：POST /chatMessage
[2025-09-22T10:42:48.241] [INFO] info - 输出日志：OPTIONS /chatMessage
[2025-09-22T10:42:50.396] [INFO] info - 输出日志：POST /chatMessage
[2025-09-22T10:42:57.595] [INFO] info - 输出日志：OPTIONS /chatMessage
[2025-09-22T10:43:08.419] [INFO] info - 输出日志：POST /chatMessage
[2025-09-22T12:01:14.259] [INFO] info - 输出日志：OPTIONS /chatMessage
[2025-09-22T12:01:15.170] [INFO] info - 输出日志：POST /chatMessage
[2025-09-22T12:30:57.112] [INFO] info - 输出日志：OPTIONS /chatMessage
[2025-09-22T12:30:58.899] [INFO] info - 输出日志：POST /chatMessage
[2025-09-22T12:30:58.903] [INFO] info - 输出日志：OPTIONS /queryTrainTicket
[2025-09-22T12:30:59.160] [INFO] info - 输出日志：POST /queryTrainTicket
[2025-09-22T12:31:25.510] [INFO] info - 输出日志：OPTIONS /chatMessage
[2025-09-22T12:31:27.057] [INFO] info - 输出日志：POST /chatMessage
[2025-09-22T12:31:27.059] [INFO] info - 输出日志：OPTIONS /queryTrainTicket
[2025-09-22T12:31:27.277] [INFO] info - 输出日志：POST /queryTrainTicket
[2025-09-26T17:50:11.505] [INFO] info - 输出日志：GET /
[2025-09-26T17:50:11.511] [INFO] info - 输出日志：GET /
[2025-09-26T17:50:12.522] [INFO] info - 输出日志：GET /
[2025-09-26T17:50:13.531] [INFO] info - 输出日志：GET /
[2025-09-26T17:50:14.541] [INFO] info - 输出日志：GET /
[2025-09-26T17:50:15.559] [INFO] info - 输出日志：GET /
[2025-09-26T17:50:16.585] [INFO] info - 输出日志：GET /
[2025-09-26T17:50:17.608] [INFO] info - 输出日志：GET /
[2025-09-26T17:50:18.629] [INFO] info - 输出日志：GET /
[2025-09-26T17:50:19.652] [INFO] info - 输出日志：GET /
[2025-09-26T17:50:20.716] [INFO] info - 输出日志：GET /
[2025-09-26T17:50:21.770] [INFO] info - 输出日志：GET /
[2025-09-26T17:50:22.910] [INFO] info - 输出日志：GET /
[2025-09-26T17:50:24.138] [INFO] info - 输出日志：GET /
[2025-09-26T17:50:25.749] [INFO] info - 输出日志：GET /
[2025-09-26T17:50:27.753] [INFO] info - 输出日志：GET /
[2025-09-26T17:50:29.531] [INFO] info - 输出日志：GET /
[2025-09-26T17:50:35.530] [INFO] info - 输出日志：GET /
[2025-09-26T17:50:40.173] [INFO] info - 输出日志：OPTIONS /chatMessage
[2025-09-26T17:50:41.319] [INFO] info - 输出日志：POST /chatMessage
[2025-09-26T17:51:40.826] [INFO] info - 输出日志：GET /
[2025-09-26T17:51:41.649] [INFO] info - 输出日志：GET /data
[2025-09-26T17:51:41.994] [INFO] info - 输出日志：GET /favicon.ico
[2025-09-26T17:56:49.271] [INFO] info - 输出日志：OPTIONS /chatMessage
[2025-09-26T17:56:50.282] [INFO] info - 输出日志：POST /chatMessage
[2025-09-26T17:57:00.785] [INFO] info - 输出日志：OPTIONS /chatMessage
[2025-09-26T17:57:02.765] [INFO] info - 输出日志：POST /chatMessage
[2025-09-26T17:57:23.806] [INFO] info - 输出日志：OPTIONS /chatMessage
[2025-09-26T17:57:25.525] [INFO] info - 输出日志：POST /chatMessage
[2025-09-26T17:57:41.831] [INFO] info - 输出日志：OPTIONS /chatMessage
[2025-09-26T17:57:42.427] [INFO] info - 输出日志：POST /chatMessage
[2025-09-26T17:58:08.519] [INFO] info - 输出日志：OPTIONS /chatMessage
[2025-09-26T17:58:10.585] [INFO] info - 输出日志：POST /chatMessage
[2025-09-26T17:58:19.168] [INFO] info - 输出日志：OPTIONS /chatMessage
[2025-09-26T17:58:21.306] [INFO] info - 输出日志：POST /chatMessage
[2025-09-26T17:58:31.785] [INFO] info - 输出日志：OPTIONS /chatMessage
[2025-09-26T17:58:33.552] [INFO] info - 输出日志：POST /chatMessage
[2025-09-26T18:08:24.070] [INFO] info - 输出日志：OPTIONS /chatMessage
[2025-09-26T18:08:25.927] [INFO] info - 输出日志：POST /chatMessage
[2025-09-26T18:08:28.415] [INFO] info - 输出日志：OPTIONS /chatMessage
[2025-09-26T18:08:30.468] [INFO] info - 输出日志：POST /chatMessage
[2025-09-26T18:08:32.234] [INFO] info - 输出日志：OPTIONS /chatMessage
[2025-09-26T18:08:33.896] [INFO] info - 输出日志：POST /chatMessage
[2025-09-26T18:08:36.130] [INFO] info - 输出日志：OPTIONS /chatMessage
[2025-09-26T18:08:38.012] [INFO] info - 输出日志：POST /chatMessage
[2025-09-26T18:08:41.386] [INFO] info - 输出日志：OPTIONS /chatMessage
[2025-09-26T18:08:43.393] [INFO] info - 输出日志：POST /chatMessage
[2025-09-26T18:08:48.531] [INFO] info - 输出日志：OPTIONS /chatMessage
[2025-09-26T18:08:50.421] [INFO] info - 输出日志：POST /chatMessage
[2025-09-26T18:08:52.999] [INFO] info - 输出日志：OPTIONS /chatMessage
[2025-09-26T18:08:54.737] [INFO] info - 输出日志：POST /chatMessage
[2025-09-28T16:16:34.950] [INFO] info - 输出日志：GET /
[2025-09-28T16:16:35.723] [INFO] info - 输出日志：GET /favicon.ico
[2025-09-28T16:16:48.866] [INFO] info - 输出日志：OPTIONS /chatMessage
[2025-09-28T16:16:50.807] [INFO] info - 输出日志：POST /chatMessage
[2025-09-28T18:44:48.674] [INFO] info - 输出日志：GET /
[2025-09-28T18:45:01.600] [INFO] info - 输出日志：GET /images/1747979416983.jpg
[2025-09-28T18:48:00.202] [INFO] info - 输出日志：POST /uploadFile
[2025-09-28T18:50:56.124] [INFO] info - 输出日志：POST /uploadFile
[2025-09-28T20:01:51.156] [INFO] info - 输出日志：POST /uploadFile
[2025-09-28T20:02:17.129] [INFO] info - 输出日志：POST /uploadFile
[2025-09-28T20:15:58.572] [INFO] info - 输出日志：POST /uploadFile
[2025-09-29T11:23:16.071] [INFO] info - 输出日志：POST /uploadFile
[2025-09-29T12:49:54.561] [INFO] info - 输出日志：GET /getU?name=angel
[2025-09-29T12:51:40.773] [INFO] info - 输出日志：GET /getU?name=angel
[2025-09-29T12:52:38.711] [INFO] info - 输出日志：GET /getU?name=angel
[2025-09-29T12:54:14.248] [INFO] info - 输出日志：GET /getU?name=angel
[2025-09-29T12:55:19.365] [INFO] info - 输出日志：GET /postU
[2025-09-29T12:55:43.938] [INFO] info - 输出日志：GET /postU
[2025-09-29T12:58:18.700] [INFO] info - 输出日志：POST /postU
[2025-09-29T19:21:10.835] [INFO] info - 输出日志：GET /getU?name=angel
[2025-09-29T19:40:10.682] [INFO] info - 输出日志：OPTIONS /chatMessage
[2025-09-29T19:40:12.157] [INFO] info - 输出日志：POST /chatMessage
[2025-09-29T19:40:32.603] [INFO] info - 输出日志：OPTIONS /chatMessage
[2025-09-29T19:40:33.264] [INFO] info - 输出日志：POST /chatMessage
[2025-09-29T19:40:38.037] [INFO] info - 输出日志：OPTIONS /chatMessage
[2025-09-29T19:40:39.168] [INFO] info - 输出日志：POST /chatMessage
[2025-09-29T19:41:00.363] [INFO] info - 输出日志：OPTIONS /chatMessage
[2025-09-29T19:41:01.145] [INFO] info - 输出日志：POST /chatMessage
[2025-09-29T19:41:01.148] [INFO] info - 输出日志：OPTIONS /queryTrainTicket
[2025-09-29T19:41:01.424] [INFO] info - 输出日志：POST /queryTrainTicket
[2025-09-29T19:43:08.154] [INFO] info - 输出日志：OPTIONS /chatMessage
[2025-09-29T19:43:09.665] [INFO] info - 输出日志：POST /chatMessage
[2025-09-29T19:43:09.667] [INFO] info - 输出日志：OPTIONS /queryTrainTicket
[2025-09-29T19:43:09.941] [INFO] info - 输出日志：POST /queryTrainTicket
[2025-09-29T19:48:23.322] [INFO] info - 输出日志：POST /queryTrainTicket
[2025-09-29T19:48:49.844] [INFO] info - 输出日志：POST /queryTrainTicket
[2025-09-29T19:49:09.377] [INFO] info - 输出日志：POST /queryTrainTicket
[2025-09-29T19:49:42.389] [INFO] info - 输出日志：POST /queryTrainTicket
[2025-09-29T19:50:17.082] [INFO] info - 输出日志：POST /queryTrainTicket
[2025-09-29T19:50:36.591] [INFO] info - 输出日志：OPTIONS /chatMessage
[2025-09-29T19:50:37.587] [INFO] info - 输出日志：POST /chatMessage
[2025-09-29T19:50:37.592] [INFO] info - 输出日志：OPTIONS /queryTrainTicket
[2025-09-29T19:50:37.816] [INFO] info - 输出日志：POST /queryTrainTicket
[2025-09-29T19:55:36.350] [INFO] info - 输出日志：OPTIONS /chatMessage
[2025-09-29T19:55:37.101] [INFO] info - 输出日志：POST /chatMessage
[2025-09-29T20:01:47.401] [INFO] info - 输出日志：OPTIONS /chatMessage
[2025-09-29T20:01:49.394] [INFO] info - 输出日志：POST /chatMessage
[2025-09-29T20:02:10.520] [INFO] info - 输出日志：OPTIONS /chatMessage
[2025-09-29T20:02:11.559] [INFO] info - 输出日志：POST /chatMessage
[2025-09-29T20:02:41.865] [INFO] info - 输出日志：OPTIONS /chatMessage
[2025-09-29T20:02:43.269] [INFO] info - 输出日志：POST /chatMessage
[2025-09-29T20:04:32.321] [INFO] info - 输出日志：OPTIONS /chatMessage
[2025-09-29T20:04:34.158] [INFO] info - 输出日志：POST /chatMessage
[2025-09-29T20:05:31.122] [INFO] info - 输出日志：OPTIONS /chatMessage
[2025-09-29T20:05:32.907] [INFO] info - 输出日志：POST /chatMessage
[2025-09-29T20:06:37.842] [INFO] info - 输出日志：OPTIONS /chatMessage
[2025-09-29T20:06:39.567] [INFO] info - 输出日志：POST /chatMessage
[2025-09-29T20:10:00.244] [INFO] info - 输出日志：OPTIONS /chatMessage
[2025-09-29T20:10:01.755] [INFO] info - 输出日志：POST /chatMessage
[2025-09-29T20:10:01.758] [INFO] info - 输出日志：OPTIONS /queryTrainTicket
[2025-09-29T20:10:02.339] [INFO] info - 输出日志：POST /queryTrainTicket
[2025-09-29T20:34:12.650] [INFO] info - 输出日志：OPTIONS /chatMessage
[2025-09-29T20:34:13.444] [INFO] info - 输出日志：POST /chatMessage
[2025-09-29T20:34:13.686] [INFO] info - 输出日志：GET /queryWeather?city=%E5%B9%BF%E5%B7%9E%22
[2025-09-29T21:30:19.334] [INFO] info - 输出日志：OPTIONS /chatMessage
[2025-09-29T21:30:20.411] [INFO] info - 输出日志：POST /chatMessage
[2025-09-29T21:31:09.077] [INFO] info - 输出日志：OPTIONS /chatMessage
[2025-09-29T21:31:09.968] [INFO] info - 输出日志：POST /chatMessage
[2025-09-29T22:02:18.218] [INFO] info - 输出日志：OPTIONS /chatMessage
[2025-09-29T22:02:19.130] [INFO] info - 输出日志：POST /chatMessage
[2025-09-29T22:02:19.374] [INFO] info - 输出日志：GET /queryWeather?city=%E5%B9%BF%E5%B7%9E%22
[2025-09-29T22:03:42.279] [INFO] info - 输出日志：OPTIONS /chatMessage
[2025-09-29T22:03:43.083] [INFO] info - 输出日志：POST /chatMessage
[2025-09-29T22:03:43.307] [INFO] info - 输出日志：GET /queryWeather?city=%E5%B9%BF%E5%B7%9E%22
[2025-09-29T22:06:05.469] [INFO] info - 输出日志：OPTIONS /chatMessage
[2025-09-29T22:06:06.289] [INFO] info - 输出日志：POST /chatMessage
[2025-09-29T22:06:06.510] [INFO] info - 输出日志：GET /queryWeather?city=%E5%B9%BF%E5%B7%9E%22
[2025-09-29T22:08:23.465] [INFO] info - 输出日志：OPTIONS /chatMessage
[2025-09-29T22:08:24.685] [INFO] info - 输出日志：POST /chatMessage
[2025-09-29T22:08:53.450] [INFO] info - 输出日志：OPTIONS /chatMessage
[2025-09-29T22:08:54.018] [INFO] info - 输出日志：POST /chatMessage
[2025-09-29T22:08:54.238] [INFO] info - 输出日志：GET /queryWeather?city=%E5%B9%BF%E5%B7%9E%22
[2025-09-29T22:09:54.116] [INFO] info - 输出日志：OPTIONS /chatMessage
[2025-09-29T22:09:54.880] [INFO] info - 输出日志：POST /chatMessage
[2025-09-29T22:09:55.103] [INFO] info - 输出日志：GET /queryWeather?city=%E5%B9%BF%E5%B7%9E%22
[2025-09-29T22:13:40.105] [INFO] info - 输出日志：OPTIONS /chatMessage
[2025-09-29T22:13:41.055] [INFO] info - 输出日志：POST /chatMessage
[2025-09-29T22:13:41.301] [INFO] info - 输出日志：GET /queryWeather?city=%E5%B9%BF%E5%B7%9E%22
[2025-09-29T22:22:02.018] [INFO] info - 输出日志：OPTIONS /chatMessage
[2025-09-29T22:22:02.886] [INFO] info - 输出日志：POST /chatMessage
[2025-09-29T22:22:03.094] [INFO] info - 输出日志：GET /queryWeather?city=%E5%B9%BF%E5%B7%9E%22
[2025-09-29T22:35:42.338] [INFO] info - 输出日志：OPTIONS /chatMessage
[2025-09-29T22:35:43.433] [INFO] info - 输出日志：POST /chatMessage
[2025-09-29T22:35:43.435] [INFO] info - 输出日志：OPTIONS /queryTrainTicket
[2025-09-29T22:35:43.893] [INFO] info - 输出日志：POST /queryTrainTicket
[2025-09-29T22:37:06.055] [INFO] info - 输出日志：OPTIONS /chatMessage
[2025-09-29T22:37:07.154] [INFO] info - 输出日志：POST /chatMessage
[2025-09-29T22:37:07.158] [INFO] info - 输出日志：OPTIONS /queryTrainTicket
[2025-09-29T22:37:07.491] [INFO] info - 输出日志：POST /queryTrainTicket
[2025-09-29T22:37:17.640] [INFO] info - 输出日志：OPTIONS /chatMessage
[2025-09-29T22:37:18.531] [INFO] info - 输出日志：POST /chatMessage
[2025-09-29T22:37:30.622] [INFO] info - 输出日志：OPTIONS /chatMessage
[2025-09-29T22:37:31.572] [INFO] info - 输出日志：POST /chatMessage
[2025-09-29T22:37:31.576] [INFO] info - 输出日志：OPTIONS /queryTrainTicket
[2025-09-29T22:37:31.972] [INFO] info - 输出日志：POST /queryTrainTicket
[2025-09-29T22:45:03.443] [INFO] info - 输出日志：OPTIONS /chatMessage
[2025-09-29T22:45:04.353] [INFO] info - 输出日志：POST /chatMessage
[2025-09-29T22:45:04.583] [INFO] info - 输出日志：GET /queryWeather?city=%E5%B9%BF%E5%B7%9E%22
[2025-09-29T22:45:10.438] [INFO] info - 输出日志：OPTIONS /chatMessage
[2025-09-29T22:45:11.338] [INFO] info - 输出日志：POST /chatMessage
